f6+kZYPgOqyeWhSYnCVXvmjOwPtPWbqxwF92CWuKiv1VyjIoMoTxGFyNhJJo/WO99dc4sYqNDuQhhLp8TUeR37/42rJSkIVmLY8GW6AFfKcP
MHL/tkJFJcKopUXVftL6q9/4242Yog+Y1FQMv6lj2N23iAxpRuYQl1yK2ncIqlWQztwOn279Kgzu1uHbH5cnbacc
fK9MQDZsKDN/cqTj+CZ3FfaEJ1eNrSoBhh6IHc/VDwesVF1eWt65kPkuSkoYFZvhkQm2gJ9cU/lIlmdcdNDki7mXkHk3LESdVtL4E/xOskPY3t03i/gJ675JQsjO0glvj2NvSac4
qAikUawHVhTQv2epnB9MujHe5PvT78cgcdnVP5ldSWWkHx8aHX/Ntemwg0BOVRSlRuRRb28l1JRBTSVcOzqu3ahyWBdPYmB6teI6BHXcVswx70Wb6x/mwn5I0cbZN2qLfG1Ipzs=
8JgV20ohSG/ygno/67QLhRd+YCxRRiViWuLBrAkSMvb4qeNdYbXOPF9gK8W4qh9glOycN0kr6MW3kDwhpm6ALxxyyn8o4qUIS0RxV071OnQubnFTf18XdacE
acSPca+qBWFgSErpjVjRfANa5PIeq3ADdE8tZlrmybgZBhoS2M3LiTHhBvgfpOOR6H63BDQINKPZv2BBNxS0tTb6KMu8FmKreLZtzAuAuQMeIRIQDopZR29LH3GnAA==
i9KKDTeSRtttct7NyvFELHM1mRjFp93noeDaZE02kZyGhEg/f/eJC6qevwaHPwDEy7LEWmB9AfUsh/dWcHt+oPQd7CSWlQCcgeprYp1tNtsuZj6YTVl3QRN3pwI=
zt6H3FLDh1XHoyTaU2wBpjHe5PvT78cgcdnVP5ldSWW/Hx8aHX/Ntemwg0BOVRSlRuRRb28l1JRBTSVcOzqu3ahyWBdPYmB6teI6BHXcVswx70Wb6x/mwn5I0cbZN2qLfG1Ipzs=
JFRz7hrWhRX+kq+qAuyA9Skfg7d6/hliED4MWyvL4NAOT3mBjHjJ3trEDWZhzSvPnMIqD+gyxRlKVJEHDgVaxK4e0eM/jzdlpxQ=
Brn9AfUF7Vrck2FVmV1yRURwgdMieg7OHl66783Al+lYYG7Iqu8QOOMju3pjo6wSGmNyRI3sTiz5n+wag68u4ma46YYBpxIrtD1gpxM=
eW+fW/iAdm/xoD8/noA9UA+ewy7QctQXm2e4PG6j4S089FFSWkiV6tFhsyP8LnKjWH4dW48YSUs+KQIozvLJzw+DL2mnGA==
7f2EJ8dcPuAM+kokJAs/Nk09y4BfsXEuGi5DFjGezuFAVXmBjHjJ3trEDXVuyTHPnMIqD+gyxRdPVJEHDgVaxK4e0eM/jzdlpxQ=
CysxREpSkft4ppMHkry0DuVEncJnCC8ZnXRscmgIYoc5dBDxtScWYyARChwScynp9e6swdL0Z0XoFN+7mIYhfMtvLKvg6qm1kHJePxVlGJhxuF1ErSzurFlfyBtjbk5ihviJhuHnsqsUfUCnMw==
loa/fS3rsxX4NKinb2vxLyppy9cvmVEZQ08tZlrmybgZBhoS2M3LiTHhBvgfpOOR6H63BDQINKPZv2BBNxS0tTb6KMu8FmKreLZtzAuAuAMeIRIQDopZR29LH3GnAA==
UHx6moITW/McW/kVio3Bc5PKjFYSj/dkKjTPYAeU7cd6nhPEHUwe7Mm//hqTzt6itth5BrEHouvk3RCnYw==
VILw1tCk9XDtrFIdorapf0XqcONGZCDrvidD1J6Mc+C7LFl3zja/ZLHkSjydZ6HazxaKcuIwFebd79YbkCVspx8=
/9peo43V6Scxb7f+d34Myx5+pMs0R7L0EYwyeT0jNYwJcDSj8Xw82LmgcXh7X/wytXTbADj037MEemWCCPoQVP+2F6vkM7IxZqcV
CAZzZ/YqreKfiAgXefEGPGaG33mUvFmaxatC0LzqOhfQNn6fxIOLAz8KCk7b3+j/4nw3uF7qtuWvVB/azqz4j+0gaEvidADynsIz4yDAzDCemTD4uRevFjSBpl+2+t7MBZWHZWtLpzY=
LgxWsj4MUJ+iMPGjKju1pQE00JIiLwyLWRixptDVm/tDYF/A4u8HJPoU/2A3tL0HCn5jRI3sTiz5n+Meg64u4ma46YYBpxIrtD1gpxM=
WWntSI5AJfYpaBB1ptiguEpkJH2bwH6ZnVKJ9N5L+0LdDXTi+oy0jY2KhfikRwItPjhUg9qTX/R3xlY53aNVTClwFGNR/NwY2aCROBvfXHKVdPtA2HS/c+p4RUurerCUn7b364SzEnFGpzU=
SDlFRqBpAW+CfxyJxrNrtL/0ynpG2fvxF18Ao6WfJ7R2HnaZF9CvtgZ42JP1BDgHCsCATmaGQ88o1KzsRv2gdBFm7+oFhpaz/q5+UJ0xV6kDf6cK
Nsi/r3JEiKqtBhGse94Q4maG33mUvFmaxatC0LzqORfQNn6fxIOLAz8KCk7b3+j/4nw3uF7qtuWvVB/azqz4j+0gaEvidADynsIz4yDAzDCemTD4uRavFj2Cpl+2+t7MBZWHZWtLpzY=
Gi3eDmRn9tGlY100Oz4b2Rc2vPWQV6A/i1rJQ+gn+KtGV6u0hpx74LM8QZemxsek6TTinCXXJ1tHbnESCmDNpuXf/juINWSnFw==
vVBw4MNVCN4aQHlj/NbSh+VEncJnCC8ZnXRscmgIYoc5dBDxtScWYyARChwScynp9e6swdL0Z0XoFN+7mIYhfMtvLKvg6qm1kHJaNgJiGJhxuF1ErSzurFlfyh9jZk1ihviJhuHnsqsUfUCnMw==
MhslNmS8JKu7B8WLBcrw2BRb3vvJDbM/+iqOF+Q6ueYUV7yon6s/+ucrQ42ywdak6TTinCXXLl5HbnESCmDNpuXf/juINWSnFw==
NEHqcgEL/pOaC3wrLdISWhVb3vvJDbM9+iqOF+Q6ueYUV7yon6s/+ucrQ42ywdak6TTinCXXJ15HbnESCmDNpuXf/juINWSnFw==
ifB+Yni3LwYhDPBke3n5MzQlibQOCVd9ipTqQ5IBk2W0Il6ZxctEBg2cmgJBnDkDH51stPYlwOyh+Gtytx72a072vgit6TexM2enEg==
i0b3ob4ri919+ovpfUPYASkFhbdm5hhiED4MWyvL4NAOT3mBjHjJ3trEDWZhzSvPnMIqD+gyxR1KVJsEDgVaxK4e0eM/jzdlpxQ=
KZSLxCGPvsuGiht6dZcEcG3NjAUqHpXk6zUMB8odVLff4rRwxW+qGgBtqelsUPnG2tw9XY6h4ffcOnqnSFo1hcrM6+yurYq8biaBC1+nB32nDA==
sshhilPWNsnCT3Zg5Gsa1TQkibQOCVdnjJT2W5MBk2W0Il6ZxctEBg2cmgJBnDkDH51stPYlwOyh9Glytx72a072vgit6TexM2enEg==
TC6sRbGlN2Iedknc3ph9bHWAsKSysZN8NMTEPZ51T3CtRQMYKDadyK2+lAEKRB/lQORXOxA2yZxzH3drGDrx1bhiVj8ddTB4qeglBHXcVswx70uY6xXlwn5I0cbZN2qLfG1Ipzs=
ynoeBrFXMvDCmhsjivHMtdPMwr7RZH3z7tEz7SK99ce1TDpWnU4VPkI96IuWjdzzKWhaPqjLFmft/3reANGYu4dSRSUs+tq/ke2kCB0AuaQJdIIchZcOXictkZKqoO2mxR+eu2h1RKc3
84ldsYfO6CD5y5etRzir48KP3gkFhuAxZhSKLkKJ2pM1whPEHUwe7Mm//B+Tw92itth5BrEHouvk3RCnYw==
vCX1YiqW9TlGkc21u71OZp4ZtEBAbojdCDuXZrlUl8icZFsrU745lw/qdJyzVpsjgMP2yRqnaQ==
pDc4D7kfba4KUhhmyx5hB8KPyRsBmOYxZhSKLkKJ2pM1whPEHUwe7Mm/+BuTwt2itth5BrEHouvk3RCnYw==
518/3Q7EZugsAliwgo56Cw42/cp6XL+wQdpvbDUxKMMPKye04Clw+PzuNGVMC7NutXTbADj037MKe2WOC/oQVP+2F6vkM7IxZqcV
wgIjEWSjRBUDFiL8wB/gosKP3gkFhuAxZhSKLkKJ2pM1whPEHUwe7Mm//RqTwt2itth5BrEHouvk3RCnYw==
63UtlE/s2ml7qBIQO+Vamj6K4PElN7HCFUk2qw6h7zf/0rjqvPYiC/jWresPoPTgnoHScA6qGafv698Rp2A=
BIQyOK67QGo+gILPV0KAvcKPyRsBmOYxZhSKLkKJ2pM1whPEHUwe7Mm//x+Twt2itth5BrEHouvk3RCnYw==
NoNbxDnFeSp5VHStXjTcOQ42/cp6XL+wQdpvbDUxKMMPKye04Clw+PzuNGVMC7NutXTbADj037MIf2WOC/oQVP+2F6vkM7IxZqcV
JCXRDaWzhjI5q/D0Idom/x2S32Vlis0D+u3OY6v5twjkPOwEVvWAPMEFb4LQzra77kY+uA259+HTF6di
FhDSdBEvnL0uSEtRkXyJFaESfyABInpHMJIFRoi/yFgLM7N6a7PX/UapSgRVnLZMUS9mmgtRRULeCDHG+ffKC5wtaKcb
SYWl/kmZ7z1+Nel+zTuqcR0C7dx7cPzyRY8oTXR/Po4LNmaj5mAl7/26JW95Reg1pHTbADj037MIemWNC/oQVP+2F6vkM7IxZqcV
I/382uSDXZUYJc7mFHNQPQ6qxvlMWaK43EhsF2uNhOIh2RU0KYjTaEaHhIh32yf6/9s4oo6LHuQhhLp8TUeS2r/52bJSkIVmLY8GW6AFfKcP
Z/KIOt905VQI//uAdyyR9Qyewy7QctQXm2e4PG6j4S089FFSWkiV6tFhsyP8LnKjWH4dV4oYR0g+KQIozvLJzw+DL2mnGA==
HDwH0GyWjb+t7pI07IiAXUYC6JhyLyGLFUX3/L7i0qdIYl2GsO8QOOMju3pjo78dHnlyRI3sTiz5n+0ag6Et4ma46YYBpxIrtD1gpxM=
dnNTc6OKSfn9srTyLDb9kCNitoJpaTTbusFs6x+9J5+4qgpW4PERdRzMQVpaQIXB/j1Zazxmwns4ho3cCpDXMN5xsuCOOrkXL7s/YacQ
qBltdkzara/iIBcIMHxvDKETfyABInpHMJIFRoi/yFgLM7N6a7PX/UapSgRVnLZMUS9lmgtRRULeCDHG+ffKC5wtaKcb
kKNOZCyD068qPQi8362UCx0D7dx7cPzyRY8oTHR/Po4LNmaj5mAl7/26JW95Reg1pHTbADj037MLemWNC/oQVP+2F6vkM7IxZqcV
7o9hYGHFr+S9ztyU73m8nDZGkOlaEwtqi4/yDPNz0HC2ABCDxctEBg2cmgJBjzYHBZ1stPYlwOyh+mpysx72a072vgit6TexM2enEg==
dfibUrER/vKL8Pb4cT0PdKESfyABInpHMJIFRoi/yFgLM7N6a7PX/UapSgRVnLZMUS9jmQtRRULeCDHG+ffKC5wtaKcb
UP+kw/3FjDsSrRpgf/X28V4Ds/JqMH7YnIVs8h+9N+/7vwh0rusRdRzMQVpaQIXS8TlDazxmwns4ho3aCZDXMN5xsuCOOrkXL7s/YacQ
Kt59F0apfTI6w57mzfGVfMvTjS0ZjampBQ9T76+VaPp/US6cQ+qwqAZY0Nv1EyQePYSaGnGXVt81xazsRv2gdBFk6eoDhpaz/q5+UJ0xV6kDf6cK
x6zITqqjcbhSUfJTOgfiDgyewy7QctQXm2e4PG6j4S089FFSWkiV6tFhsyP8LnKjWH4dUokYR0g+KQIozvLJzw+DL2mnGA==
qVw0tCXKP6tcbsMKU+O6mBWAp5dsAzDXzV4XrNMEbDNoVSPJ3Mb+JV2/1IqFGBqe+QjJb7c5DEiukRCgabgprsvKxkemkp40tR0nvTtjpw4=
bOTUx/xsJrmGaifMDVwBuw6u34gxSa7tiww5Fi7A2qcyqRY0KYjTaEaHhIh32yf6/9s4oo6LHuQhhLp8TUeX2b/52bJSkIVmLY8GW6AFfKcP
P7u8hu/PGHjKt6zIQgTdKKETfyABInpHMJIFRoi/yFgLM7N6a7PX/UapSgRVnLZMUS9jmQtRRULeCDHG+ffKC5wtaKcb
i4eU2NMZthU6jg47dA814V4Ds/JrMH7YnIVs8h+9Nu/7vwh0rusRdRzMQVpaQIXS8TlDazxmwns4ho3aCZDXMN5xsuCOOrkXL7s/YacQ
lhRlY09XePjq09qSrh4L/12CxucqSxyxrGz9dVxed2XKTPc0jZgYO1rwqWd5OqHn5tpQt0AUf7hkBJN7yTmhxcfKTKybljOzGCO+OWKnEQ==
DZxPW1XgCq2/IbgJNvBWnqESfyABInpHMJIFRoi/yFgLM7N6a7PX/UapSgRVnLZMUS9hmQtRRULeCDHG+ffKC5wtaKcb
jTMU6CLU1PTagxkmEnPpuV4As/JqMH7YnIVs8h+9N+/7vwh0rusRdRzMQVpaQIXS8TlDazxmwns4ho3YCZDXMN5xsuCOOrkXL7s/YacQ
pHsghslBR14VUHxwULfnlcvTjS0ZjampBQ9T76+VaPp/US2cQ+qwqAZY0Nv1EyQePYSaGnGXVt81xazsRv2gdBFm6eoDhpaz/q5+UJ0xV6kDf6cK
bA0n0iGpJY75ZEshqyxeqQyewy7QctQXm2e4PG6j4S089FFSWkiV6tFhsyP8LnKjWH4dUIkYR0g+KQIozvLJzw+DL2mnGA==
c5fsK+nH1XcIW2EMqq8j1RWDp5dsAzDXzV4XrNMEbDNoVSPJ3Mb+JV2/1IqFGBqe+QjJb7c5DEiukRCgaboprsvKxkemkp40tR0nvTtjpw4=
UqMkZSilGbJiCfqlnDFMMQ6u34gxSa7tiww5Fi7A2acyqRY0KYjTaEaHhIh32yf6/9s4oo6LHuQhhLp8TUeV2b/52bJSkIVmLY8GW6AFfKcP
iBXIoovP+4qw12FSj4/GHaETfyABInpHMJIFRoi/yFgLM7N6a7PX/UapSgRVnLZMUS9hmQtRRULeCDHG+ffKC5wtaKcb
v3mKo7SggKyKajd7+whmY14As/JrMH7YnIVs8h+9Nu/7vwh0rusRdRzMQVpaQIXS8TlDazxmwns4ho3YCZDXMN5xsuCOOrkXL7s/YacQ
aSdEhV/NEhIMHzPIP7pVK12CxucqSxyxrGz9dVxdd2XKTPc0jZgYO1rwqWd5OqHn5tpQt0AUf7hkBJN7yzmhxcfKTKybljOzGCO+OWKnEQ==
zL+D/mzUYwnSEI0xi9gn4a2vik1NzfDTF0Ado+PDL6QNAW/bM5nzvQR6nsH1EyQePYSaGnGEWdsvxazsRv2gdBFt6+oMhpaz/q5+UJ0xV6kDf6cK
oYVLZSeVb4tZlAyZUXFa7hGq6k53QeD9tmEWWYdKaaOPvZ8zi2OwKE53qelsUPnG2tw9ToGl+/fcOnqnSFo1j8vM4OyurYq8biaBC1+nB32nDA==
++9RldgBBxWTpQdWsWsOyT7Kj7pJUR+g6CujBwwfMBW4D+I2r9YCO1rwqWd5OqHn9dVUrUAUf7hkBJN7wDuhysfKTKybljOzGCO+OWKnEQ==
ACfslVq+QbNBlLhL7O00sH4HxphaRhMvvZnvQ4MBk2W0Il6ZxctEBg2cmgJBnDkDH51stPYlwOyh/GpyvB72a072vgit6TexM2enEg==
eNSMmquxebwHoQLWzwFOL2kCpeNg5Ws7DyVvWyvL4NAOT3mBjHjJ3trEDWZhzSvPnMIqD+gyxR5KVJAEDgVaxK4e0eM/jzdlpxQ=
tpzP4T9hLv57UvJxo4uBzj02txRDjK+Hy/3DsQyOvv0tV/SylRAahskgqZfn8cwQXvmwGPkwqjZ0YiY/dtre7MX1B4Ura6cW
1Po4U4wXlk19dAitfWfB/3z9/HqfabcXm2e4PG6j4S089FFSWkiV6tFhsyP8LnKjWH4dUooYSEg+KQIozvLJzw+DL2mnGA==
BlyrevSkQME6DsN3T6W4g8BhMDtVQXpHMJIFRoi/yFgLM7N6a7PX/UapSgRVnLZMUS9hmgteRULeCDHG+ffKC5wtaKcb
L2PFA5mLTuI7CVUkpmAh/g6Ps2HLJqYXm2e4PG6j4S089FFSWkiV6tFhsyP8LnKjWH4dUYoYSEg+KQIozvLJzw+DL2mnGA==
ycNeV8RewwTBez4kb/U00iZh15UiaVCDSWKuv5Lx0qdIYl2GsO8QOOMju3pjo78dHnlyRI3sTiz5n+Mag64t4ma46YYBpxIrtD1gpxM=
cZNl7xyf82OGK9AN+gc5vA6Os2HLJqcXm2e4PG6j4S089FFSWkiV6tFhsyP8LnKjWH4dWooYSEg+KQIozvLJzw+DL2mnGA==
HrYbOwR/vQfteVNIAKkv/ScS9LUZYDyf7OZT/0/hJ+/7vwh0rusRdRzMQVpaQIXS8TlDazxmwns4ho3YCZDYMN5xsuCOOrkXL7s/YacQ
UUQYT0vACAZH1gGDrvCfmnyNs2HLJqQXm2e4PG6j4S089FFSWkiV6tFhsyP8LnKjWH4dUIkYSEg+KQIozvLJzw+DL2mnGA==
K1ptbR3hI94i0gPfl9rLS2M2x1tY2P+r2P3DsQyOvv0tV/SylRAahskgqZfn8cwQXvmwGPkyqTZ0YiY/dtre7MX1B4Ura6cW
eQmeKCHvJwXkruwveg4D80tNibcvohk7DyVvWyvL4NAOT3mBjHjJ3trEDWZhzSvPnMIqD+gyxRlJVJAEDgVaxK4e0eM/jzdlpxQ=
y+m9+wF1wgWYTAi6lAKwBA2Ps2HLJqYXm2e4PG6j4S089FFSWkiV6tFhsyP8LnKjWH4dVYkYSEg+KQIozvLJzw+DL2mnGA==
00gR+33k7q3rpAywtyIxsEpNibcvohg7DyVvWyvL4NAOT3mBjHjJ3trEDWZhzSvPnMIqD+gyxRxIVJAEDgVaxK4e0eM/jzdlpxQ=
axzCjj3pCZv45z1RmX+cuA2Os2HLJqcXm2e4PG6j4S089FFSWkiV6tFhsyP8LnKjWH4dUIgYSEg+KQIozvLJzw+DL2mnGA==
rSEJD3dvgi8jDt2JAJijcn5x+9g0AJ/NSN90XXR/Po4LNmaj5mAl7/26JW95Reg1pHTbADj037MKeGWCC/oQVP+2F6vkM7IxZqcV
QBAhgLTTFkTJ0tBJ6OW/xXyNs2HLJqQXm2e4PG6j4S089FFSWkiV6tFhsyP8LnKjWH4dVYgYSEg+KQIozvLJzw+DL2mnGA==
silWGZTCySEHSMlmJuyaMmA2x1tY2P+r2P3DsQyOvv0tV/SylRAahskgqZfn8cwQXvmwGPk3qDZ0YiY/dtre7MX1B4Ura6cW
FS+5V1fM8Exhs2U9x0WnlCdh15UiaVODSWOuv5Lx0qdIYl2GsO8QOOMju3pjo78dHnlyRI3sTiz5n+ofg64t4ma46YYBpxIrtD1gpxM=
f0k0K88/RgcJgArlwuApmAuPs2HLJqYXm2e4PG6j4S089FFSWkiV6tFhsyP8LnKjWH4dUI8YSEg+KQIozvLJzw+DL2mnGA==
ZGG92WI7Wl/Jvs2k38MBQyZh15UiaVODSWKuv5Lx0qdIYl2GsO8QOOMju3pjo78dHnlyRI3sTiz5n+wfg64t4ma46YYBpxIrtD1gpxM=
lNCdWsCKyHLAqrotH+ooQAuOs2HLJqcXm2e4PG6j4S089FFSWkiV6tFhsyP8LnKjWH4dWo8YSEg+KQIozvLJzw+DL2mnGA==
QkOXQaGtvttVOTCJseu5zicS9LUZYD+f7OZT/0/hJ+/7vwh0rusRdRzMQVpaQIXS8TlDazxmwns4ho3YDpDYMN5xsuCOOrkXL7s/YacQ
HQnt7x8zHrFuxiGGSXGJ+3yNs2HLJqQXm2e4PG6j4S089FFSWkiV6tFhsyP8LnKjWH4dUI4YSEg+KQIozvLJzw+DL2mnGA==
CuR4sDX0+KmwtThulQqYRmY2x1tY2P+r2P3DsQyOvv0tV/SylRAahskgqZfn8cwQXvmwGPkyrjZ0YiY/dtre7MX1B4Ura6cW
weLcWjNSzMBixg6JK6thbnZ6lYwwzsjyMlQWq9iWxkgdPWgbpujqed59CmlQbxOVmr2Im4CB7mJKUK2g13jiNMAc1vwKYEyuOYLt1VdD1KhnmxuO4up/Uojjp32siYvTDbAJoVeJ6Av0gVUcdabL7jpMTc7HditZHtESo3odfVri9ZjISi8/uNOmEC6H4ZaaKTACRO2sLqyZ34gYI+cMYkZ4SYahZ/KrVP2Ap/M=
BrUBnUHmSC6fj0vX/3K699G70I+EsA6KxURPr7Y22NeMyQs5SvgaglyK2ncIqlWSyNwJnW79Kgzu1uHbH5cnbacc
M0ANmTKuA9X6mx9zM+iVaTT2+FW7pmre2fVRTaACL1wk9CtgyLQv0xl4das6uqD0TzaHC7Tz4tEWp2U=
zKLVPSk15jymAc31nkvmCYYgOMJxdxrhIlhu8h+NTGC+iXBoGUSoRp0T5k+Wql6cJYXH9csbp2Y=
GqeCpx21wxHTc39imMD0nCgfg7d6/hliED4MWyvL4NAOT3mBjHjJ3trEDWZhzSvPnMIqD+gyxR9OVJwCDgVaxK4e0eM/jzdlpxQ=
C2glmarkzWdn6gwjao0AyURwgdMieg7OHl6678zAl+lYYG7Iqu8QOOMju3pjo6wSGmNyRI3sTiz5n+oeg6Ir4ma46YYBpxIrtD1gpxM=
rG/mI3NA7sTYflYSu3qAb/rp1n1f3v7SGn1J7L7RNuU6DGrbIpnzvQR6nsH1EyQePYSaGnGEWdsvxazsRv2gdBFg6+oDgJaz/q5+UJ0xV6kDf6cK
/Qv3y9vIX33MUpu6M2CeXSgFhbdm5hhiED4MWyvL4NAOT3mBjHjJ3trEDWZhzSvPnMIqD+gyxRlKVJ8CDgVaxK4e0eM/jzdlpxQ=
O/paGwY4TvoyRaUpqAvJU23NjAUqHpXk6zUMB8odVLff47RwxW+qGgBtqelsUPnG2tw9XY6h4ffcOnqnSFo1gcrM7+qurYq8biaBC1+nB32nDA==
Sjeon+PlVnYq9IhjNN6XnAqewy7QctQXm2e4PG6j4S089FFSWkiV6tFhsyP8LnKjWH4dU48YR04+KQIozvLJzw+DL2mnGA==
+C7tbMXdJRVJB5Pa6Kj7iU09y4BfsXEuGi5DFjGbzuFAVXmBjHjJ3trEDXVuyTHPnMIqD+gyxR9PVJ8CDgVaxK4e0eM/jzdlpxQ=
Wv3+GADwhUiE0OphQxVMFysfg7d6/hliED4MWyvL4NAOT3mBjHjJ3trEDWZhzSvPnMIqD+gyxRdOVJ4CDgVaxK4e0eM/jzdlpxQ=
mO5oyiNUyTE6VIqOHcSILURwgdMieg7OHl6678/Al+lYYG7Iqu8QOOMju3pjo6wSGmNyRI3sTiz5n+Ieg6Ar4ma46YYBpxIrtD1gpxM=
WTh7UPjXm5PRpuexqsZS3NPMwr7RZH3z7tEz7SK99ce1TDpWnU4VPkI/6IuWjdzzKWhaPqjLFmft/3reANGYuYdSRSUs+t62huqkCB0AuaQJdIIchZcKWScnl5KqoO2mxR+eu2h1RKc3
pMglvQbJXNNu752yo+W/y0ihkDNlm4RW7eyacqHd+F+yPOwEVvWAPMEKaYLdyLa77kY+uA259+HTF6di
dHOMZf5e5Qp81N9oNx1RSdPMwr7RZH3z7tEz7SK99ce1TDpWnU4VPkI86IuWjdzzKWhaPqjLFmft/3reANGYuodSRSUs+t62huqkCB0AuaQJdIIchZcJWScnl5KqoO2mxR+eu2h1RKc3
thJgEL7PsKCbv4BBgm0FlEuhkDNlm4RW7eyacqHd+F+yPOwEVvWAPMEKaYLdyLa77kY+uA259+HTF6di
QFzW3EbmK5dIW35W+2jsk9PMwr7RZH3z7tEz7SK99ce1TDpWnU4VPkI96IuWjdzzKWhaPqjLFmft/3reANGYu4dSRSUs+t62huqkCB0AuaQJdIIchZcIWScnl5KqoO2mxR+eu2h1RKc3
ZJhqteS6T+jmwdTk4odthkqhkDNlm4RW7eyacqHd+F+yPOwEVvWAPMELaYLdyLa77kY+uA259+HTF6di
t6ERcrCBPzcbG5/bFV9EYtPMwr7RZH3z7tEz7SK99ce1TDpWnU4VPkI66IuWjdzzKWhaPqjLFmft/3reANGYvIdSRSUs+t62huqkCB0AuaQJdIIchZcIWScnl5KqoO2mxR+eu2h1RKc3
Q8EzHxb5dJvbdfCMUTYpL02hkDNlm4RW7eyacqHd+F+yPOwEVvWAPMELaYLdyLa77kY+uA259+HTF6di
QQ5qq9e7ha5tI3A3ciNFuTYlibQOCVV9ipTqQ5IBk2W0Il6ZxctEBg2cmgJBnDkDH51stPYlwOyh+WhyvRj2a072vgit6TexM2enEg==
aPLX3/pY0Iw7axDyw0VK06MTfyABInpHMJIFRoi/yFgLM7N6a7PX/UapSgRVnLZMUS9jnwtfQ0LeCDHG+ffKC5wtaKcb
X5cwDYCvEQAgVLF13/ojgh8D7dx7cPzyRY8qTHR/Po4LNmaj5mAl7/26JW95Reg1pHTbADj037MNf2WDDfoQVP+2F6vkM7IxZqcV
ZCzNuiSN+ZavsRD73dAGQTZGkOlaEwtqi4/yDPFz0HC2ABCDxctEBg2cmgJBjzYHBZ1stPYlwOyh/G9yvRj2a072vgit6TexM2enEg==
hFf9Jpaj1+OTV6YtdQH1jxwDtMNgE+3PSN90XXR/Po4LNmaj5mAl7/26JW95Reg1pHTbADj037MIf2WDDfoQVP+2F6vkM7IxZqcV
szt6yfOpVnY9ks9kTujOZ6MTfyABInpHMJIFRoi/yFgLM7N6a7PX/UapSgRVnLZMUS9imgteQ0LeCDHG+ffKC5wtaKcb
W0Ew2MqqDBTVUb4+Wbfmph8D7dx7cPzyRY8qTHR/Po4LNmaj5mAl7/26JW95Reg1pHTbADj037MMemWCDfoQVP+2F6vkM7IxZqcV
Gl0FTnOvPpRs9muGi1snWTZGkOlaEwtqi4/yDPFz0HC2ABCDxctEBg2cmgJBjzYHBZ1stPYlwOyh/WpyvBj2a072vgit6TexM2enEg==
trUJHy+JQ6c0rRUb9UwXeqATfyABInpHMJIFRoi/yFgLM7N6a7PX/UapSgRVnLZMUS9rmgteQ0LeCDHG+ffKC5wtaKcb
4ZpeMeXprZC7AhB944K/dRwD7dx7cPzyRY8pTHR/Po4LNmaj5mAl7/26JW95Reg1pHTbADj037MFemWCDfoQVP+2F6vkM7IxZqcV
1urOoCJH2kPomVmn5RrawTZGkOlaEwtqi4/yDPJz0HC2ABCDxctEBg2cmgJBjzYHBZ1stPYlwOyh9GpyvBj2a072vgit6TexM2enEg==
Hh2uVmRZFKYb4awKJG7VOEtNibcvoxk7DyVvWyvL4NAOT3mBjHjJ3trEDWZhzSvPnMIqD+gyxRpJVJACDgVaxK4e0eM/jzdlpxQ=
bWaHcCAM9Lak+snfgqMkMwyPs2HLJqYXm2e4PG6j4S089FFSWkiV6tFhsyP8LnKjWH4dVokYSE4+KQIozvLJzw+DL2mnGA==
og8U9RSE3PFPGe7vTStQSUtNibcvoBk7DyVvWyvL4NAOT3mBjHjJ3trEDWZhzSvPnMIqD+gyxRlJVJACDgVaxK4e0eM/jzdlpxQ=
Tm0SRhkEp8fpsMX4Hqo8LAuPs2HLJqYXm2e4PG6j4S089FFSWkiV6tFhsyP8LnKjWH4dWokYSE4+KQIozvLJzw+DL2mnGA==
h+Jw9sLMs97TJidrr7vKOtPMwr7RZH/z7tEz7SK99ce1TCBVuglNKkJhzovL1sy1YzZcPq7NNnvw2G/KCNCYuYZSRSUs+tq/ke2kCB0AuaQJdIIchZcIWCcml5KqoO2mxR+eu2h1RKc3
aLqV8o/HhVq1hk+zLniwSdPMwr7RZH/z7tEz7SK99ce1TCBVuglNKkJhzovL1sy1YzZcPq7NNnvw2G/KCNCYuYZSRSUs+t62huqkCB0AuaQJdIIchZcKXicml5KqoO2mxR+eu2h1RKc3
L1AyJ+kfKCq6KKa9akTwUdPMwr7RZH3z7tEz7SK99ce1TDpWnU4VPkI/6IuWjdzzKWhaPqjLFmft/3reANGYuYdSRSUs+tq/ke2kCB0AuaQJdIIchZcMWycvlpKqoO2mxR+eu2h1RKc3
ppMHGYqBAGOob9fxj/DA69PMwr7RZH3z7tEz7SK99ce1TDpWnU4VPkI86IuWjdzzKWhaPqjLFmft/3reANGYuodSRSUs+tq/ke2kCB0AuaQJdIIchZcIWicvlpKqoO2mxR+eu2h1RKc3
wRdcHs5y+p2COy94bVKWwtPMwr7RZH3z7tEz7SK99ce1TDpWnU4VPkI96IuWjdzzKWhaPqjLFmft/3reANGYu4dSRSUs+tq/ke2kCB0AuaQJdIIchZcMWScvlpKqoO2mxR+eu2h1RKc3
rqp9lrW6kMTrDLJvEu950NPMwr7RZH3z7tEz7SK99ce1TDpWnU4VPkI66IuWjdzzKWhaPqjLFmft/3reANGYvIdSRSUs+tq/ke2kCB0AuaQJdIIchZcMWCcvlpKqoO2mxR+eu2h1RKc3
iK3Y7YaNBOhJnuTusSbxz+Lzo8be2KjXTirJhc3cz0Xz0gJ/a2MRgs+N6wcrcV8ZaKfd3tS7gsdbhetlYuBOiV4DAQvA8sm1XLnfNAd7vGxecmzUNsVATGHcb1J1uXaLjpa+6O2JtxFzR6cy
Afq7XiDe4/ll2hq6D4JDhuLzo8be2KjXTirJhc3cz0Xz0gJ/a2MRgs+M6wcrcV8ZaKfd3tS7gsdbhetlYuBOiV4DAgvA8sm1XLnfNAd7vGxecmzUNsVATGHZb1J1uXaLjpa+6O2JtxFzR6cy
VuRVbTaObRtUU9yMEeE/geLzo8be2KjXTirJhc3cz0Xz0gJ/a2MRgs+L6wcrcV8ZaKfd3tS7gsdbhetlYuBOiV4DAwvA8sm1XLnfNAd7vGxecmzUNsVATGHdblJ1uXaLjpa+6O2JtxFzR6cy
S33DJiUZAYtW5zEggLbl7nkrm5h70w5lEDAzZVj80r5kQk8jmdbaxy66U7kP8uWW82+WRXEpNPzRr3BPH0aj5TTmItS8FmKreLZtyAuAsAceIRIQDopZR29LH3GnAA==
UlDe9PMnsErO4Gcv0elt7V9Cv01iAHuF0ia31j4ss6NK3zlRnU+v0oM7Ck5qha//16D00U1MICU6rTcjS4fGTibT4tXxuZSMkX+Qfx92QzV0loJEPIYCG7hmTb0KcJBXXpHygI4a+bevG39BpzA=
T+UmJkxuj5bq2O516/TM6L2z5pxai8JtFnQv2kR/hEMCGf4/v+UipjJVBqaF0NpaPjxdJAAHabeW2NkRgmwrFQym+ErRstN1WEZZOdQ9X6i/70zA9hYMaO4xkAApmiiOjG1G5+aynhT1vacde0OnLg==
oqtErv/sJqJ3LqF9vceCsHYhz4R25fPev+47I3AxcnYHzlFBivGa18x3879Id6GmoFZ8EU3YntHykv+cjbj8npjEdN7aGDulinGUz62BRGRxV6BnH25zHZR+Unx8/lKzGI69JI/o4D/+OSJ4TiKp388zT1mnKA==
1uDlnwAkwgpeaoD2Nzg94XYhz4R25fPev+47I3AxcnYHzlFBivGa18x3879Id6GmoFZ8EU3YntHykv+cjbj8npjEdN7aGDulinGUz62BRGRxV6BjFnl0HZR+Unx8/lKzGI69K4/o4D/+OSJ4TiKp388zT1mnKA==
mqPBmH3eZmj3ngYhOvVg5l9Cv01iAHuF0ia31j4ss6NK3zlRnU+v0oM7Ck5qha//16D00U1MICU6rTcjS4fGTibT4tXxuZSMkX+QexZhRDV0loJEPIYCG7hmTboOcJBXXpHygI4a+bevG39BpzA=
cikGRCssl94xtMlOQPTFYk47Lhj+hs3B2q5zAQXOneHUHmLnqkUG5Z3P/syNqsTtuBNtOhoFNXoa5ljhEBvW9JnSDtyOiZC+Y31athx/V6HSULvsLxSf+ASEczupO4GBYErs7LuWE/O4ox55Qqcx
vHaGDwuxspED5rtH9TRLeXYhz4R25fDev+47I3AxcnYHzlFBivGa18x3879Id6GmoFZ8EU3YntHykv+cjbj8npjEdN7aGDulinGUz62BRGRxV6BnH25zHZR+Unx8/lKzGI69Kovo4z/+OSJ4TiKp388zT1mnKA==
+hGgy9hcxollYcRXODdhQj+QnakKCvXDwysGW2Gdy7pCumZ3PIrxJlyHhIh32yf6/9srrYqRHuQhhLp8TUeQ2r/93rJSkIVmLY8GW6AFfKcP
EJFp5mcdbqdhHXqYocWBw/rp1n1f3v7SGnxJ7L7RNv88DHbDI5nzvQR6nsH1EyQePYSaGnGEWdsvxazsRv2gdBFi6eoHgZaz/q5+UJ0xV6kDf6cK
v2YBK9MAaZy37bMZ6OyBcXZ6lYwwzsjyMlQWq9iWxkgdPWgbpujqed59CmlQbxOVmr2Im4CB7mJKUK2g13jiNMAc1vwKYEyuOYLt1VdD1KhnmxuO4up/Uojjp32siYvTDbAJoVeJ6Av0gVUcdabL7jpMTc7HditZHtESo3odfVri9ZjISi8/uNOmEC6H4ZaaKTACRO2sLqyZ34MZI+UKYkZ4SYahZ/KrVP2Ap/M=
2tmspg5lpkYK/RDmuRkZ69G70I+EsA6KxURPr7Y22NeMyQs5SvgaglyK2ncIqlWeydwLm279Kgzu1uHbH5cnbacc
Ro/HnOSmEew/iejV0D/nMMYhfYpiYU7nI2UnvF6QTGC+iXBoGUmqRpgV5k+Wql6cJYXH9csbp2Y=
hsldfFpXcX3vqcb1rdnFwA3T1mdvm80D+u3OY6v5twjmPOwEVvWAPMEMaYLQyba77kY+uA259+HTF6di
4aCnLt2oC1OpZ9k4Y3NEThdKrr7LGP17yhXGDaJ+v+FSXLCiwbw+rvYhdsPpmMek6TTinCXXLFlHanYSCmDNpuXf/juINWSnFw==
i0RIhjeXUxdgWDS5kC4U8U9HL4tg+inc5+JQUtnnZD4Wn9lGBYFXcBZELHymjWBEMXfq+iOxVsMePv7A/cEXmSNvpxo=
XlrzUdfl1a4ZIJJ1j42rQr6wsZWKEuCyjvZ0WOUWSRUNmPbT6Wgtfmm39qiczGnOm0PcMxiWnvDGrkEdLBAS/ZmgiSuPDgJ2XKoaF4gKFXbOvM877h1qLO62IXufd2dNpzw=
zpDUqA1QLR+Ja+xMQAb0FQsdd9dw5meIqqIWGN3nZD4Wn9lGBYFXcBZELHymjWBEMXbu+iOxVsMePv7A/cEXmSNvpxo=
AGQHrM1i7KDS/mkjLKNFWaJubyhVdjQUddxNTsH3zFgbOLg5J+fisx3wWwRVnLZMUS9qngtRQkLeCDHG+ffKC5wtaKcb
r3Y6EdymPDIiHqOl5OXwaWjQwuVXR6ex3EglCGubj+tgyjYkecS5LhXPgIhn0Cy5s48e49HID+QhhLp8TUeR27/43rJSkIVmLY8GW6AFfKcP
7bmn16mVvGKmgKN39YGvP2C1c8FJrYNBt8JvcPjZ5kwsXRmbicHSVEswpcchC85WuJwXGHdeO9OOsImMYnn90/BbX1ShlO9Y1ERDW7o6kaQQCjwMCxaDU0hjThlypwE=
yJcGPWKcVnon1+Js0PiXZaNubyhVdjQUddxNTsH3zFgbOLg5J+fisx3wWwRVnLZMUS9kmgtQQkLeCDHG+ffKC5wtaKcb
ofbN9xnuinC7M1iHq7uj82Tg3E3NvfddPT0JOtEMRllbMJalp+c3MWwo9cgbu5/rcCoGZKlkya6FrzBIN/DcucOvzqNhKJ9k0STqvH0ngNmv2C7yAnA15r0vdptwZUynPw==
9oaRyEUARXHU/7GAxhpwVwsdd9dw5meIqqIWGN3nZD4Wn9lGBYFXcBZELHymjWBEMX3p+iKxVsMePv7A/cEXmSNvpxo=
g8sqQ6qLzqhchtb6HX4jFqJubyhVdjQUddxNTsH3zFgbOLg5J+fisx3wWwRVnLZMUS9nmAtQQkLeCDHG+ffKC5wtaKcb
iafW+2eTzHz28peXmNNySQsdd9dw5meIqqIWGN3nZD4Wn9lGBYFXcBZELHymjWBEMXHo+iKxVsMePv7A/cEXmSNvpxo=
F8/4o5FqUX8vQnCOiSjzJKBubyhVdjQUddxNTsH3zFgbOLg5J+fisx3wWwRVnLZMUS9qmAtQQkLeCDHG+ffKC5wtaKcb
8LoaEQLFWbKVMr0yBbN82wsdd9dw5meIqqIWGN3nZD4Wn9lGBYFXcBZELHymjWBEMXXv+iKxVsMePv7A/cEXmSNvpxo=
28jrXAGt5Q666Kl58C4XZlcz4rgMHP5EgO6drLWrjwVkT3fsofD5JWI+BFb1UDsheNWw/DIedtz165RqrgNZ4s3tR0ROuIz4TsFQUEmuLp6qHQY3BgIehFVNZ00bc6c+
Ci+kcpM5OGcpujRVZJnM2UWjbugJJCmupW9QyJewPLmjb24jgWi/ZLHkSjydZ6fbzxeOcuIwFebd79YbkCVspx8=
koI/m0QznSYnnbBcxSCuS8YhfYpiYU7nI2UnvF2QTGC+iXBoGUerRpUV5k+Wql6cJYXH9csbp2Y=
9MmtaJ5QHkfQwd8hEnATwQ3T1mdvm80D+u3OY6v5twjlPOwEVvWAPMEEa4Ldyba77kY+uA259+HTF6di
i1BbGNTy8tn5aXQSlgQz2xRKrr7LGP17yhXGDaJ+v+FSXLCiwbw+rvYhdsPpm8ek6TTinCXXL1pHZ3YSCmDNpuXf/juINWSnFw==
xH4Vc9PnPzAOMSnwYMoOv8/tjITRohOQgAQFvaxw0t2ZgEpLD65BllyK2ncIqlWSytwBm279Kgzu1uHbH5cnbacc
HEQjFQUmNQtvZUXb0VymQ2C1c8FJrYNBt8JvcPjZ5kwtXRmbicHSVEswpcchC85WuJwXGHdeO9OOsImMYnn90PBbX1ehlO9Y1ERDW7g5kasQCjwMCxaDU0hjThlypwE=
eiOuBA/9SmPq2xniUIF4igZ2+bTCDeZnylrBQ6F08e5dH7ioj6A0uat8dsPpm8ek6TTinCXXK1lHZ3YSCmDNpuXf/juINWSnFw==
2fDvgRGpbG57gF+ZSSYldaNubyhVdjQUddxNTsH3zFgbOLg5J+Tisx3zWwRVnLZMUS9jmAtfQkLeCDHG+ffKC5wtaKcb
oOgGzGkrzy8On8rfjXH87GC1c8FJrYNBt8JvcPjZ5kwtXRmbicHSVEswpcchC85WuJwXGHdeO9OOsImMYnn90PBbX1ehlO9Y1ERDW7o/kasQCjwMCxaDU0hjThlypwE=
Z5oxz4EKbnCq6s8Uv+hynmTg3E3NvfddPT0JOtEMRllfMJalp+c3MWwo9cgbu5/rcCoGZKlkya6FrzBIN/DcucOszqNhK59k0STqvH0ng9uv1i7yAnA15r0vdptwZUynPw==
3Zv2+fUEZJ+bPdaly0ZXpgsdd9dw5meIqqIWGN3nZD4Wn9lGBoFXcBVELHymjWBEMXLr+iyxVsMePv7A/cEXmSNvpxo=
HBI5e111SLWJvnuo9QexQKBubyhVdjQUddxNTsH3zFgbOLg5J+Tisx3zWwRVnLZMUS9qmwteQkLeCDHG+ffKC5wtaKcb
XO1sCx5OcNMZGHYntIDB3WTg3E3NvfddPT0JOtEMRllYMJalp+c3MWwo9cgbu5/rcCoGZKlkya6FrzBIN/DcucOszqNhK59k0STqvH0ngdqv1i7yAnA15r0vdptwZUynPw==
dcuj3qx+RF7nO6XDjxocFwsdd9dw5meIqqIWGN3nZD4Wn9lGBoFXcBVELHymjWBEMXzq+iyxVsMePv7A/cEXmSNvpxo=
0cCHFXqtYhlLcQ5yDjUeKUWjbugJJCmupW9QyJewPLmjbG4jgWu/ZLHkSjydZ6fZzxaOcuIwFebd79YbkCVspx8=
JxbDnYe4rB9MtT0hLtNKW8YhfYpiYU7nI2UnvFyQTGC+iXBoGUipRpQV5k+Wql6cJYXH9csbp2Y=
+zPuDEwiNLMGIqRwuGspJA3T1mdvm80D+u3OY6v5twjkPOwEVvWAPMEFaYLcyba77kY+uA259+HTF6di
WJ0TSuU5jxtnJolWu9b9QBVKrr7LGP17yhXGDaJ+v+FSXLCiwbw+rvYhdsPpmsek6TTinCXXK1hHZnYSCmDNpuXf/juINWSnFw==
2QoDOXBa26+GZeHt262FHc/tjITRohOQgAQFvaxw0t2ZgEtLD65AllyK2ncIqlWRyNwAm279Kgzu1uHbH5cnbacc
EAqbj8F7oMxpiHoyUqC/vmC1c8FJrYNBt8JvcPjZ5kwuXRmbicHSVEswpcchC85WuJwXGHdeO9OOsImMYnn90fBbX1ahlO9Y1ERDW78/kaoQCjwMCxaDU0hjThlypwE=
lyP6qDMOBHq3OKKUQLJS1Asdd9dw5meIqqIWGN3nZD4Wn9lGB4FXcBRELHymjWBEMXzv+iyxVsMePv7A/cEXmSNvpxo=
RQXzKTaa4pOGOBzxtq4QuKNubyhVdjQUddxNTsH3zFgbOLg5J+Xisx3yWwRVnLZMUS9hngteQkLeCDHG+ffKC5wtaKcb
uak2m5uYRq35AXLQhWuGvWTg3E3NvfddPT0JOtEMRllTMJalp+c3MWwo9cgbu5/rcCoGZKlkya6FrzBIN/DcucOtzqNhKp9k0STqvH0nhtuv3yvyA3A15r0vdptwZUynPw==
FbfUsTUHYE8Z7TLcEHnSDgsdd9dw5meIqqIWGN3nZD4Wn9lGB4FXcBRELHymjWBEMXbr+iW0VsIePv7A/cEXmSNvpxo=
YMT2ijI/E5mFU2Aet2SJ+KBubyhVdjQUddxNTsH3zFgbOLg5J+Xisx3yWwRVnLZMUS9lmwtXR0LfCDHG+ffKC5wtaKcb
kfYveMlC1X1iW+qiAWCfV2Tg3E3NvfddPT0JOtEMRllcMJalp+c3MWwo9cgbu5/rcCoGZKlkya6FrzBIN/DcucOtzqNhKp9k0STqvH0ngtqv3yvyA3A15r0vdptwZUynPw==
Vnoyf39OHbxagSW15rsxBgsdd9dw5meIqqIWGN3nZD4Wn9lGB4FXcBRELHymjWBEMXLq+iW0VsIePv7A/cEXmSNvpxo=
MbyyyJJGWhpiAzs/s4fogUWjbugJJCmupW9QyJewPLmjbW4jgWq/ZLHkSjydZ6/azx+LcuMwFebd79YbkCVspx8=
oTIf+NfCbSBS/t/kJ/qG1E9IccszqWzG4OdQUtnnZD4Wn9lGB4FXcBRELHymjWBEMXzp+iW0VsIePv7A/cEXmSNvpxo=
NiiR5PbY4jD7Swcfz9EdgE0/7d80VLL0Vsh0cnRmcoYEMSrr4mA15Pb5aTlMC7NutXTbADj037MJeGWLCfoRVP+2F6vkM7IxZqcV
0B9xrzUF9K7YR1CtGYJZM81G6wucBqo2vPFyO5qAXfT++WEppGtLPm00Y7BgFLdDg/jtO6FaySQH9s/73BOaIW6nHQ==
VdHTtpetvIyMQEEhJqUd11dC7qpWJmKascxi61DqRL+o+gp74OhdcRzcSlEZDNPnv2IYejxmwns4ho3TCJDRMt5wsuCOOrkXL7s/YacQ
KOARE+yMZyjHvH5q4vE4lD5Y+RJWwbCMqK2Q9A6B8P5hU/SinhtZyp0V58y+4MwQXvmwGPk1rzZ9YCY+dtre7MX1B4Ura6cW
jE+p9pYdXLicHqvoixfpvFdC7qpWJmKascxi61DqRL+o+gp74OhdcRzcSlEZDNHnv2Iaejxmwns4ho3SD5DRMt5wsuCOOrkXL7s/YacQ
w963sJzo6Da1lO4+F087709IccszqWzG4OdQUtnnZD4Wn9lGBYFXcBZELHymjWBEMXzu+iW0VsIePv7A/cEXmSNvpxo=
dAAr3ymFSJ4O1LS4AIan8OaKrRUWLJmVhX8lj5y0ymTuSIzizMYaVkxx4pvKQC0U7vlxS1Qrm5z9tBNQ0FRnI3T73RrxmrmEt3ZfmwxTqgF+pw0=
vOssyI4yhvFh6TRQyTB/ds1G6wucBqo2vPFyO5qAXfT++WErpGtLPG00Y7BgFLdDh/vtOqFaySQH9s/73BOaIW6nHQ==
mcFZxN/zuSbx4YJ9YkkiAVdC7qpWJmKascxi61DqRL+o+gp74OhdcRzcSlEZDNLnv2IZejxmwns4ho3bD5DQMt5wsuCOOrkXL7s/YacQ
TA1QP/3TD3plswDtR+nE509IccszqWzG4OdQUtnnZD4Wn9lGBoFXcBVELHymjWBEMXDv+iS0VsIePv7A/cEXmSNvpxo=
aDGlj0wMbLMWbS3wc2quSOaKrRUWLJmVhX8lj5y0ymTuSIzizMYaVkxx4pvKQC0U7vlxSFQrm5/9tBNQ0FRnI3L/3RrxmrmEt3ZfmwxTqgF+pw0=
gjHhMNF5yTChulycgQloWs1G6wucBqo2vPFyO5qAXfT++WEopGtLP200Y7BgFLdDjP/tOqFaySQH9s/73BOaIW6nHQ==
G26+JN49xSMFeWeaJeFR0cYhfYpiYU7nI2UnvFuQTGC+iXBoGUSuRpwQ5k6Wql6cJYXH9csbp2Y=
6OyUhL183M2tWkhcfrJ85g3T1mdvm80D+u3OY6v5twjjPOwEVvWAPMEKboLUzLa67kY+uA259+HTF6di
HZUuLUooYD9kYFfXIwQQthVKrr7LGP17yhXGDaJ+v+FSXLCiwbw+rvYhdsPpncek6TTinCXXJl5HbnMSC2DNpuXf/juINWSnFw==
zXxqhZA9SimIp4TEmMQ4g09IccszqWzG4OdQUtnnZD4Wn9lGB4FXcBNELHymjWBEMXbr+ie0VsIePv7A/cEXmSNvpxo=
+Kd4gIQsobzZl6Qh8jS5Y+aKrRUWLJmVhX8lj5y0ymTuSIzizMYaVkxx4pvKQC0U7vlxSVQrm5n9tBNQ0FRnI3D73RnxmrmEt3ZfmwxTqgF+pw0=
NJdjFtbO8K/vLnBUMrWOYc1G6wucBqo2vPFyO5qAXfT++WEppGtLOW00Y7BgFLdDg/vtOaFaySQH9s/73BOaIW6nHQ==
hqRboZuhs5P0neKO1FMUOFdC7qpWJmKascxi61DqRL+o+gp74OhdcRzcSlEZDNPnv2Ifejxmwns4ho3bCpDTMt5wsuCOOrkXL7s/YacQ
Gdl5OotLdfvLIKkHKJnlzc/tjITRohOQgAQFvaxw0t2ZgEtLD65AllyK2ncIqlWTztwLnm78Kgzu1uHbH5cnbacc
jWHlvpLr62u9NvvlMq7YG2C1c8FJrYNBt8JvcPjZ5kwuXRmbicHSVEswpcchC85WuJwXGHdeO9OOsImMYnn90fBbX1ahlO9Y1ERDW786kaAVCj0MCxaDU0hjThlypwE=
GcHiopb0/L2Bvxi2H8J3GQsdd9dw5meIqqIWGN3nZD4Wn9lGB4FXcBRELHymjWBEMXPq+ia0VsIePv7A/cEXmSNvpxo=
QbdKPWlyBGldg9DOLyXZaKNubyhVdjQUddxNTsH3zFgbOLg5J+Xisx3yWwRVnLZMUS9jmQtUR0LfCDHG+ffKC5wtaKcb
t+W1tkiseVb6sr2CJTqzTmTg3E3NvfddPT0JOtEMRllTMJalp+c3MWwo9cgbu5/rcCoGZKlkya6FrzBIN/DcucOtzqNhKp9k0STqvH0nhdiv3CvyA3A15r0vdptwZUynPw==
f0B2oseZwn39XH9icSCzggsdd9dw5meIqqIWGN3nZD4Wn9lGB4FXcBRELHymjWBEMXDo+ia0VsIePv7A/cEXmSNvpxo=
x+/wuVXfp+dG5JnTY2MjhKBubyhVdjQUddxNTsH3zFgbOLg5J+Xisx3yWwRVnLZMUS9qmAtUR0LfCDHG+ffKC5wtaKcb
GdzEO7XnZP6Vnxx/QBWVjmTg3E3NvfddPT0JOtEMRllcMJalp+c3MWwo9cgbu5/rcCoGZKlkya6FrzBIN/DcucOtzqNhKp9k0STqvH0nj9+v3CvyA3A15r0vdptwZUynPw==
2WVpLwYk+uTO5hqxRTchMAsdd9dw5meIqqIWGN3nZD4Wn9lGB4FXcBRELHymjWBEMXTu+ia0VsIePv7A/cEXmSNvpxo=
Qis7gFJI/y5t/gQQuvTiL0WjbugJJCmupW9QyJewPLmjbW4jgWq/ZLHkSjydZ6bezxyLcuMwFebd79YbkCVspx8=
rhxVbxvt8SVu2Q83TWj+TqYTfyoYYzQJJpAMCIvzzFgbOLg5J+Xisx31WwRVnLZMUS9gmgtTR0LfCDHG+ffKC5wtaKcb
bNYU/OqNVuUyZlxxpiCPF8/tjITRohOQgAQFvaxw0t2ZgExLD65HllyK2ncIqlWfytwNnm78Kgzu1uHbH5cnbacc
c5cAiYAqjkD+JH4vh3ergWC1c8FJrYNBt8JvcPjZ5kwvXRmbicHSVEswpcchC85WuJwXGHdeO9OOsImMYnn91vBbX1GhlO9Y1ERDW785kacVCj0MCxaDU0hjThlypwE=
zpDOodJwO3mLQjsP1rQ0mQsdd9dw5meIqqIWGN3nZD4Wn9lGAIFXcBNELHymjWBEMXPp+iG0VsIePv7A/cEXmSNvpxo=
yHb8o6GxNuezPt2sF2ih8qBubyhVdjQUddxNTsH3zFgbOLg5J+Lisx31WwRVnLZMUS9gmAtTR0LfCDHG+ffKC5wtaKcb
KRUri5LxPdlQ6O/fRs+aj76wsZWKEuCyjvZ0WOUWSRUJmPbT6Wgtfmm39qiczGnOm0PcMxiWnvDGrkEdLBAS/ZmgjCuPDgd2XKoaF4gKFXfPvM0+7hxqLO62IXufd2dNpzw=
+1GOyVbZOPtq4F8B3JNFeAsdd9dw5meIqqIWGN3nZD4Wn9lGAIFXcBNELHymjWBEMXfv+iG0VsIePv7A/cEXmSNvpxo=
DZB58sSN9rrZliywzelhWRBMOMrNnPfSbvwPKB+ek0N2EMF8ennlpjj7J8EJ1AdozKQLC0m/KXddKiV8I9brw/ADhilqpxk=
HamGoufWtrp9gNafiPGfZr6wsZWKEuCyjvZ0WOUWSRUKmPbT6Wgtfmm39qiczGnOm0PcMxiWnvDGrkEdLBAS/ZmgjCuPDgd2XKoaF4gKFXDOvM0+7hxqLO62IXufd2dNpzw=
Yj1S2NtsBgJhLrD0z6Yl+Qsdd9dw5meIqqIWGN3nZD4Wn9lGAIFXcBNELHymjWBEMXPu+iG0VsIePv7A/cEXmSNvpxo=
uPiNNeQrbr30QkfdTkoLgwsdd9dw5meIqqIWGN3nZD4Wn9lGAIFXcBNELHymjWBEMXLr+iC0VsIePv7A/cEXmSNvpxo=
ZaefwDFgb13XAMTaaDW47EWjbugJJCmupW9QyJewPLmjam4jgW2/ZLHkSjydZ6/bzxqLcuMwFebd79YbkCVspx8=
uAfKiSYutEB6VawLEAqmOU9HL4tg+inc5+JQUtnnZD4Wn9lGBYFXcBZELHymjWBEMXPp+iC0VsIePv7A/cEXmSNvpxo=
UBqRtoG3CI5a5P1EgHHCwEVxiNU0YAffG0P3pJ7dnv4NLBWO+acUOPMosDkv94pTRSBjRI3sTiz5n+sYg6Iv4me46YYBpxIrtD1gpxM=
QpFwd+zDADI1ctpNtsrKhgsdd9dw5meIqqIWGN3nZD4Wn9lGBYFXcBZELHymjWBEMXbo+iC0VsIePv7A/cEXmSNvpxo=
djcxBT4Yl4JAGdX2xYbm7kWjbugJJCmupW9QyJewPLmjb24jgWi/ZLHkSjydZ6TYzxqLcuMwFebd79YbkCVspx8=
XY3uo8C2cKw8N0c1MqUN0nZ6lYwwzsjyMlQWq9iWxkgdPWgbpujqed59CmlQbxOVmr2Im4CB7mJKUK2g13jiNMAc1vwKYEyuOYLt1VdD1KhnmxuO4up/Uojjp32siYvTDbAJoVeJ6Av0gVUcdabL7jpMTc7HditZHtESo3odfVri9ZjISi8/uNOmEC6H4ZaaKTACRO2sLqyZ34IYI+IPYkd4SYahZ/KrVP2Ap/M=
1ntcQp/J7pxfFfXSHQTN1NG70I+EsA6KxURPr7Y22NeMyQs5SvgaglyK2ncIqlWWz9wMnm78Kgzu1uHbH5cnbacc
aiOtS+Iq+HOiQnpMyTP4dDAoI3Vc88Kmf24OzZCTPzgWStN73HdyFQTG28SgEA1Z/LR6SRkU449fSkiCfN4SE5gu/UuICCaafpjiWE5CaT9PUw95pwg=
eCJW4xR9zNFQUv7Elfz8x0WjbugJJCmupW9QyJewPLmjbW4jgWq/ZLHkSjydZ6TfzxiLcuMwFebd79YbkCVspx8=
EaxYal/ZzKFtlM1UzPdKlDEoI3Vc88Kmf24OzZCTPzgWStN73HdyFQTG28SgEA1Z/LR6SRkU449fSkiCfN4SE5gu/UGPCCaafpjiWE5CaT9PUw95pwg=
eCJW4xR9zNFQUv7Elfz8x0WjbugJJCmupW9QyJewPLmjbW4jgWq/ZLHkSjydZ6TfzxiLcuMwFebd79YbkCVspx8=
QJuohD63BZHTqsY10fThaDIoI3Vc88Kmf24OzZCTPzgWStN73HdyFQTG28SgEA1Z/LR6SRkU449fSkiCfN4SE5gu/UGPCCaafpjiWE5CaT9PUw95pwg=
kilCno+ENINGlAoUJKme9EWjbugJJCmupW9QyJewPLmjbW4jgWq/ZLHkSjydZ6PfzxiLcuMwFebd79YbkCVspx8=
/tgH6oZWrGJU7HLHifQFgjEoI3Vc88Kmf24OzZCTPzgWStN73HdyFQTG28SgEA1Z/LR6SRkU449fSkiCfN4SE5gu/UaPCCaafpjiWE5CaT9PUw95pwg=
1Mxtyku/faKlYrwiTDQEvEWjbugJJCmupW9QyJewPLmjbW4jgWq/ZLHkSjydZ6LfzxiLcuMwFebd79YbkCVspx8=
BZXi8ogNZc2hpzjUP7hXdzAoI3Vc88Kmf24OzZCTPzgWStN73HdyFQTG28SgEA1Z/LR6SRkU449fSkiCfN4SE5gu/UePCCaafpjiWE5CaT9PUw95pwg=
PkZ11W23wTa1j52wgfGAI8/tjITRohOQgAQFvaxw0t2ZgElLD65CllyK2ncIqlWeztwJn278Kgzu1uHbH5cnbacc
OaCuc8FMDE0UJRgnalXOA0WjbugJJCmupW9QyJewPLmjb24jgWi/ZLHkSjydZ6Tbzx6KcuMwFebd79YbkCVspx8=
rtSWw5l9enQSk3YwWwzJ80zUkbx+BB+m5XfjNBYGMSO4A/Erp5gBd17wuWxyee2zwJsP9FEUf7hkBJN7zzuhwsTKTaybljOzGCO+OWKnEQ==
kkbjpmiGc2M8IPliERJJVM/tjITRohOQgAQFvaxw0t2ZgElLD65CllyK2ncIqlWfy9wIn278Kgzu1uHbH5cnbacc
/1e8va0z/EfPomqR5YcO408tOW8KMT03WvPJ9RZGY6e5rvVWPaXPM19sOtu4/k4ohvaRNUw44sWZmHkD7ybSLhxyyn8o4qUJSUR4V070OnQubnFTf18XdacE
yRBnQG7sTHxubzDv5QAY84YPpRjMTKNw+/53O5qAXfT++WErpGtLPG00Y7BgFLdDgvjtOqBaySQH9s/73BOaIW6nHQ==
MipR3W3b8yuBBj70AlDqmfblmiDm0ZcgtfSszAZdIJRRjegKR2UWEr6OfnBdkdfJwx+nag==
fYpfwBK1gSMxLkB0sixv7txkO9p/ZxqxfmUnvF2QTGC+iXBoGUCvRp8R5k6Wql6cJYXH9csbp2Y=
R9bChYWOY7RU1mCiDx+wQ0zUkbx+BB+m5XfjNBYGMSO4A/Erp5gBd17wuWxyee2wwJsP91EUf7hkBJN7zT+hwcTKTaybljOzGCO+OWKnEQ==
MKqY5PGYh2iop9n3hjziQc/tjITRohOQgAQFvaxw0t2ZgEpLD65BllyK2ncIqlWVztwLn278Kgzu1uHbH5cnbacc
wro2lRXAVLHQ7yKyrmwGY3Hi2UX2/3YaMI+w2nkpfmHly5tp8j0CL7/sroQRFAFuzf/oaF/AJLm7nCaDOftXJJnUUtzVtx9bN0xCUvvAfSZ1fy57WBV0pwc=
CrHppb41sCzSjxQ6Aq6yqCJgxFyQ7omvubXadUVvjsjX1Qk4afzVG6uRvwqWIQCQmvrWQG1/BOYmh9leNlk36KUc7CSWlQCcgehrYpZtNtouZj6YTVl3QRN3pwI=
o8NAua0+WlI2rLF7I08DlEWjbugJJCmupW9QyJewPLmjbW4jgWq/ZLHkSjydZ6bYzxyKcuMwFebd79YbkCVspx8=
wgKbkfwjeoQa3MkEqQWlcUzUkbx+BB+m5XfjNBYGMSO4A/Erp5gBd17wuWxyee2xwJsP9lEUf7hkBJN7yjihwMTKTaybljOzGCO+OWKnEQ==
R1CdVT+iFk47tzRawolpqs/tjITRohOQgAQFvaxw0t2ZgEtLD65AllyK2ncIqlWQyNwKn278Kgzu1uHbH5cnbacc
7jwG2sO6/Xb+cBONTAVkdHHi2Ub2/3YaMI+w2nkpfmHly5tp8j0CL7/sroQRFAFuzf/oaF/AJLm7nSaDOfpXJJnUUtzVtxlfN0xCUvvAfSZ1fy57WBV0pwc=
IRIv5gbUHtCUk08O8oH+QiJgxFyQ7oqvubXadUVvjsjX1Qk4afzVG6uRvwqWIQCQmvrWQG1/BOYmh9leN1k36KQc7CSWlQCcgeVvYpZtNtouZj6YTVl3QRN3pwI=
wr89+IgEX3a97fv0p72irkzUkbx+BB+m5XfjNBYGMSO4A/Erp5gBd17wuWxyee22wJsP8VEUf7hkBJN7wDuhx8TKTaybljOzGCO+OWKnEQ==
v8PdReVSmempkr9NEyPLis/tjITRohOQgAQFvaxw0t2ZgExLD65HllyK2ncIqlWXytwNn278Kgzu1uHbH5cnbacc
6ofkHXWERlIqzHNB04MqunHi2Uf2/3YaMI+w2nkpfmHly5tp8j0CL7/sroQRFAFuzf/oaF/AJLm7miaDOf1XJJnUUtzVtxhaN0tCUvvAfSZ1fy57WBV0pwc=
y1tcVcqkidGB+8gMNx5eIyJgxFyQ7ouvubXadUVvjsjX1Qk4afzVG6uRvwqWIQCQmvrWQG1/BOYmh9leMFk36KMc7CSWlQCcge1pYpFtNtouZj6YTVl3QRN3pwI=
iu3OjBqYQRx+dnyPq/9xqnZ6lYwwzsjyMlQWq9iWxkgdPWgbpujqed59CmlQbxOVmr2Im4CB7mJKUK2g13jiNMAc1vwKYEyuOYLt1VdD1KhnmxuO4up/Uojjp32siYvTDbAJoVeJ6Av0gVUcdabL7jpMTc7HditZHtESo3odfVri9ZjISi8/uNOmEC6H4ZaaKTACRO2sLqyZ348bI+IOYkd4SYahZ/KrVP2Ap/M=
t+cDsUux6F312SIGskDcGtG70I+EsA6KxURPr7Y22NeMyQs5SvgaglyK2ncIqlWTy9wMn278Kgzu1uHbH5cnbacc
PNtCgpp+Rvyl+UDb4rRQmEWjbugJJCmupW9QyJewPLmjb24jgWi/ZLHkSjydZ6Lazx+JcuMwFebd79YbkCVspx8=
S2FUTC7yceLSJSRq1PeomBFDbpWOgPfUZeFaZETY2Ud2EMF8ennlozj7J8QJ1AdozKQLC0i6KXNfKiV8I9brw/ADhilqpxk=
vYnP+KswF1eoycVCrSxrYVcz4rgMHP5EgO6drLWriQVsT3n6vPP7Nyk/GETzUTFge4yruWVCf8f165RqrgNZ4s3tR0ROuIz4TsFQUEmoKp6sGgY2BgIehFVNZ00bc6c+
MDCrZ4JuGVYqpZA8F+eti7Ols5WKEuCyjvZ0WOUWSRUJh+jJ8XAwfWulvamA3m/PkQLfagPTyazPtUEdLBAS/ZmgiSuPDgJ2XKoaF4gKFXLKvMg87hxqLO62IXufd2dNpzw=
0AzfIglmpDtSULE4wtSMd2aeyi3D4A2Px6tC0LzkPgzQNn2ExZOJDXxXWRKMi7v/+Wd47APpsejrFAvR1bq/j6UzdELeO1nq3fVnrH7AzDCemTD4uReqFjyCpl62+t7MBZWHZWtLpzY=
H1bwwN/O5DsFY+63dK5Y/kp8MSnMnCqMnUmO79le+ELaFnDi/Im0jczIzr7uFU0+fmNUh8bcC6l0wVt9nbdeVz83FCtC4NUklvmJeyyLEyyVdPtA2HS/c+14RUqrerGUn7b364SzEnFGpzU=
GZ7zORptfLaw6no4O0S7+tJ+An9X1HvcPjghDeqqEHrOvkSgxQ5ZHQmP/NHRiAA1K21NEeBG/0cRik/y42u55A99cWUMCAL1maiZM692Mr6c4mqvaJKF/E80WKSOpJrkrv4Rg79vd0WnNA==
rCBJg7ue3Cu7G1fIn0lWddPK0+eUOiz87otjtmL2qIbCFmYBzglMV1oggpPXyszzJjNcNLHNFmG5mSffBOPN56ZfGCgv4NS5y7/WQ0lYp6QJdIIchZcGXicukZKroO2mxR+eu2h1RKc3
kmTC1Y/5gbhcLuSdOnO2SeYoJypVIXMPMIsRR9r3zFgbOLg5J+fisx3wWwRVnLZMUS9lmwtVRULfCDHG+ffKC5wtaKcb
54hwSkMEwNz6QxsTaR+9Q0WjbugJJCmupW9QyJewPLmjbG4jgWu/ZLHkSjydZ6bazx2JcuMwFebd79YbkCVspx8=
uWSWWzzG/tcJcFQgopQkLxFDbpWOgPfUZeFaZETY2Ud2EMF8ennloDj7J8cJ1AdozKQLC0K6KXFfKiV8I9brw/ADhilqpxk=
bmah1dPL4k3d7NXtnbyWft7gDAJKo2b5U9sZe+rCaIPPl4kBZUNp7qTv29MBUyiwyy1xpLPA+229Hh9jHUfk3la/2WZGYdfQ1SQsnOYt4CTxUuja59bWYl7e/qA9YZd5Y0+nOg==
rmzYm+b53/7EXaagSnDm997gDAJKo2b5VsAeYOjCbZjNmYwaZk1v7qfx391ZEXXn1Dpw8+SM5yimBVAyGUfk3la/2WZFYdfQ1iQsnOYt4CTxXO/a59bWYl7e/qA9YZd5Y0+nOg==
1CbnkslBiBQE+B+uE0cpyxFDbpWOgPfUZeFaZETY2Ud2EMF8ennlozj7J8QJ1AdozKQLC0O+KXFfKiV8I9brw/ADhilqpxk=
U670LY6Vu0tRa4rtGtK/a0p8MSnMnCqMn1KJ9N5F/1ndDXf5+5y2g87X1qTzE1EtJSMbm8DWEv1+wVt9nbdeVz83FCtC4NUklvmJeyyLEyyVdPtA2HS/c+p+RUmrerGUn7b364SzEnFGpzU=
DdxldaANcA7e3fSItP9aS+L1sp+bhvvYTnCZ3o2XkgSEiF4oOCRI69eRgR9qNk8aZ/zb1M29gsEPr/EsI6hbhW1WXyvNr8S2RrfZblUJ9zgGbGzUNsVATGHZa1J2vnaKjpa+6O2JtxFzR6cy
fvQ5wC6Etolvau9MUn2RN+VCjJsiVn4WnzU7Mi9YON1JNUu94XVNBDAPTFdQKHWL56Gzk433dk70Udih/dF7b+g7aYfC5/S4k2hQOU83atMl4ENErSzurFlfyBpjZE1ih/iJhuHnsqsUfUCnMw==
3U2oUp3P4ScBEc5PyfNPql9ErhQnXiuK0Gfglnl86fk6nnge7lqsmtJ+TQ0Xk+64x6D7iktGOSM6q2MJUc6HBjPf0YCvmZnRnHyKcRksEUc/wtpaPIYCG7hmTb8JcJJQXpDygI4a+bevG39BpzA=
74DL7J5TJaxeQ+Zh62PCl97gDAJKo2b5U9sZe+rCaIPPl4kBZENp7qTv29MBUyiwyy1xpLPA+229Hh9jHUfk3la/2WZFYdfQ1iQsnOYt4CTxXeja5tbWYl7e/qA9YZd5Y0+nOg==
zRJ8RnjBpp+1une+zJfLbxfKFBBhufM8ZM2qsoGyXp3EyMauBjU1bqaj7PeefOMZ/EHTjTXXBufH90x7egD9NJ75gWsE6yv8TTSD8ACUFwNs/834w9ppZCf2rzt8k3phTqc9
35vE/iERW3rM91W2SIKP37yzo9raVbO8iO12WOANSxUJh+zJ8XAwfWulvamA3m/PkQLfagPTyazPtUEdLBAS/ZmgiSuPDgJ2XKoaF4gKFXPOvMo87hxqLO62IXufd2dNpzw=
MdwmZSPfH68EMs2uFDQoSHWGof3378NzMYWTfdw+FyrYEUBXVjiWo6Pi0BMaWwjkRfVaIXVhk49QSzFHOjes2Lt4WDlHJ0Iz/bA7BHXcVswx70eb6xPlwn9I0cbZN2qLfG1Ipzs=
kjOWV7yR0uGdp+9r4zNaUyYA/wgXw7HIq/SLsRWav69lU/SinhtZyp0V58y+4MwQXvmwGPk4qzZ5YiY+dtre7MX1B4Ura6cW
BjQc9mYKjO7WCco+ZlC8+a1hMCFVIXMPMIsRR9r3zFgbOLg5J+fisx3wWwRVnLZMUS9jmgtTRULfCDHG+ffKC5wtaKcb
y2vTuAMgMTGB07/RWNs7BeYoJypVIXMPMIsRR9r3zFgbOLg5J+fisx3wWwRVnLZMUS9hmgtTRULfCDHG+ffKC5wtaKcb
kAmFbO3JJCP2wgLd3FM1Nbyzo9raVbO8iO12WOANSxUNh+zJ8XAwfWulvamA3m/PkQLfagPTyazPtUEdLBAS/ZmgiiuPDgF2XKoaF4gKFXPPvM087hxqLO62IXufd2dNpzw=
22FpvXHhhQTvfzOaFiz6j7yzo9raVbO8iO12WOANSxUJh+zJ8XAwfWulvamA3m/PkQLfagPTyazPtUEdLBAS/ZmgiiuPDgF2XKoaF4gKFX/OvM087hxqLO62IXufd2dNpzw=
W0xW477uHRS3hERkPLoP/uYoJypVIXMPMIsRR9r3zFgbOLg5J+Tisx3zWwRVnLZMUS9imwtSRULfCDHG+ffKC5wtaKcb
vmux91SPcKCrQ8JiG9HoL/blmiDn0ZcgtPSszAZdIJRRg+oKQGYWEr6OfnBdkdfJwx+nag==
z0EvUswpuetY8P5V0hwvVNxkO9p/Zxqxf2UnvFyQTGC+iXBoGUiqRpgS5k6Wql6cJYXH9csbp2Y=
n0QWzGdJp9ngOyb+6782RhFDbpWOgPfUZeFaZETY2Ud2EMF8ennloTj7J8YJ1AdozKQLC0G5KXZfKiV8I9brw/ADhilqpxk=
USNhXfoPpHl3qGcP9zUfwN7gDAJKo2b5U9sZe+rCaIPPl4kBZkNp7qTv29MBUyiwyy1xpLPA+229Hh9jHUfk3la/2WZHYdfQ1CQsnOYt4CTxVOja4NbWYl7e/qA9YZd5Y0+nOg==
9Kraf1MkMo4IuwleaO03wryzo9raVbO8iO12WOANSxUBh+zJ8XAwfWulvamA3m/PkQLfagPTyazPtUEdLBAS/ZmgiyuPDgB2XKoaF4gKFXHPvMw87hxqLO62IXufd2dNpzw=
urfeomHuWDT5dxrUQZG/3Lyzo9raVbO8iO12WOANSxUNh+zJ8XAwfWulvamA3m/PkQLfagPTyazPtUEdLBAS/ZmgiyuPDgB2XKoaF4gKFXPOvMw87hxqLO62IXufd2dNpzw=
hfOMizEOvAbpss+uuu+rTOYoJypVIXMPMIsRR9r3zFgbOLg5J+Xisx3yWwRVnLZMUS9lngtSRULfCDHG+ffKC5wtaKcb
nk3GHOaqumeLjq8BqLZLt/blmiDg0Zcgs/SszAZdIJRRgusKQ2YWEr6OfnBdkdfJwx+nag==
aYK94n5ZB+Ea/hgZ0NiVwtxkO9p/ZxqxeGUnvFuQTGC+iXBoGUerRpsS5k6Wql6cJYXH9csbp2Y=
xnVJDzODdVAFO8BJMhSiTxFDbpWOgPfUZeFaZETY2Ud2EMF8ennlpjj7J8EJ1AdozKQLC0i7KXVfKiV8I9brw/ADhilqpxk=
aBKuteny0Ns0ig1iBrF2Kt7gDAJKo2b5U9sZe+rCaIPPl4kBZ0Np7qTv29MBUyiwyy1xpLPA+229Hh9jHUfk3la/2WZAYdfQ0yQsnOYt4CTxVOna49bWYl7e/qA9YZd5Y0+nOg==
wrWKyYg3drvrtOGERPvfABFDbpWOgPfUZeFaZETY2Ud2EMF8ennlozj7J8QJ1AdozKQLC0e5KXVfKiV8I9brw/ADhilqpxk=
mJG4dtUEvvhpIDf1yxV5e2aeyi3D4A2PwrBFy77kOxfSOHifz52BG2JKXw6f0Puw5WFy9VfjsejrFAvR1bq/j6UzdELeO1nq3fVnrH7AzDCemTD4uRKoFjuCpl62+t7MBZWHZWtLpzY=
OjeKrc6CMOYoJUxWisMlYt72TQZdsCfsU9wFZfTcdp3fh5cXelVn7qTv29MBUyiwyy1xpLPA+229Hh9jHUfk3la/2WZFYdfQ1iQsnOYt4CTxXeja49bWYl7e/qA9YZd5Y0+nOg==
SJ9oVXM2sMo7StPtjTAUUOYoJypVIXMPMIsRR9r3zFgbOLg5J+fisx3wWwRVnLZMUS9gnwtRRULfCDHG+ffKC5wtaKcb
sXegeFCUP9OCCGm/Gwrkbryzo9raVbO8iO12WOANSxUBh+zJ8XAwfWulvamA3m/PkQLfagPTyazPtUEdLBAS/ZmgjCuPDgd2XKoaF4gKFXbKvM487hxqLO62IXufd2dNpzw=
EWGp8elX60fee+8BYSIDNRfKFBBhufM8ZM2qsoGyXp3EyMauBjU1bqaj7PeefOMZ/EHTjTXXBufH90x7egD9NJ75gW4E6yv5TTSD8ACUFwNt+s38w9ppZCf2rzt8k3phTqc9
YyYfjit5D2UCd9ZohtXtleYoJypVIXMPMIsRR9r3zFgbOLg5J+Lisx31WwRVnLZMUS9jmQtQRULfCDHG+ffKC5wtaKcb
/Hyzoc+RLa/KfgKJzswtdhFX8rNbaXrZtoVz7x/5C6ey+gpx4OhdcRzcSlEZDNHnv2Iaejxmwns4ho3cCZDWMN5wsuCOOrkXL7s/YacQ
qD7Q9LPAoTCRpDGLU8dWh3Z6lYwwzsjyMlQWq9iWxkgdPWgbpujqed59CmlQbxOVmr2Im4CB7mJKUK2g13jiNMAc1vwKYEyuOYLt1VdD1KhnmxuO4up/Uojjp32siYvTDbAJoVeJ6Av0gVUcdabL7jpMTc7HditZHtESo3odfVri9ZjISi8/uNOmEC6H4ZaaKTACRO2sLqyZ34sfI+ANYkd4SYahZ/KrVP2Ap/M=
AFWyYtN2aQ7Q9FYiERV/29G70I+EsA6KxURPr7Y22NeMyQs5SvgaglyK2ncIqlWWz9wOnG78Kgzu1uHbH5cnbacc
c9mAP9xu/oVyK7kdwfMXCIYP5AHUVqM8trg9P5qAXfT++WErpGtLPG00Y7BgFLdDjfvtM6NaySQH9s/73BOaIW6nHQ==
5BejnjLbg/CfNGGXYkxN1nXD/eBgeP3BXAwqoRn8sTf/0rrqvPYiC/jWresKoPngnoDScA6qGafv698Rp2A=
ylDzaDhPnAe5RxOHV3OucruyH+j5hhj6kF9GA1k4dyR5lLJcdfc6WleHIdJbgF0mlT+O+/jVFKdn
2YaGbYyL5ec09EuglE5oTD6K4/UzNPTWXEosvVr3sTf/0rrqvPYiC/jWre0KoPngnoDScA6qGafv698Rp2A=
f6RzQxbW2KYRloxp0Ms/0h+v/GzXYZ1SzyKzLXPspD48olxFWg/B35866jL8LnKjWH4dW4oYSUg+KAIozvLJzw+DL2mnGA==
