Analysis & Synthesis report for LEDswitchv2
Mon May 22 16:51:44 2017
Quartus Prime Version 16.0.0 Build 211 04/27/2016 SJ Lite Edition


---------------------
; Table of Contents ;
---------------------
  1. Legal Notice
  2. Analysis & Synthesis Summary
  3. Analysis & Synthesis Settings
  4. Parallel Compilation
  5. Analysis & Synthesis Source Files Read
  6. Analysis & Synthesis Resource Usage Summary
  7. Analysis & Synthesis Resource Utilization by Entity
  8. User-Specified and Inferred Latches
  9. General Register Statistics
 10. Multiplexer Restructuring Statistics (Restructuring Performed)
 11. Post-Synthesis Netlist Statistics for Top Partition
 12. Elapsed Time Per Partition
 13. Analysis & Synthesis Messages



----------------
; Legal Notice ;
----------------
Copyright (C) 1991-2016 Altera Corporation. All rights reserved.
Your use of Altera Corporation's design tools, logic functions 
and other software and tools, and its AMPP partner logic 
functions, and any output files from any of the foregoing 
(including device programming or simulation files), and any 
associated documentation or information are expressly subject 
to the terms and conditions of the Altera Program License 
Subscription Agreement, the Altera Quartus Prime License Agreement,
the Altera MegaCore Function License Agreement, or other 
applicable license agreement, including, without limitation, 
that your use is for the sole purpose of programming logic 
devices manufactured by Altera and sold by Altera or its 
authorized distributors.  Please refer to the applicable 
agreement for further details.



+----------------------------------------------------------------------------------+
; Analysis & Synthesis Summary                                                     ;
+------------------------------------+---------------------------------------------+
; Analysis & Synthesis Status        ; Successful - Mon May 22 16:51:44 2017       ;
; Quartus Prime Version              ; 16.0.0 Build 211 04/27/2016 SJ Lite Edition ;
; Revision Name                      ; LEDswitchv2                                 ;
; Top-level Entity Name              ; DE2LAB1                                     ;
; Family                             ; Cyclone IV E                                ;
; Total logic elements               ; 31                                          ;
;     Total combinational functions  ; 31                                          ;
;     Dedicated logic registers      ; 0                                           ;
; Total registers                    ; 0                                           ;
; Total pins                         ; 31                                          ;
; Total virtual pins                 ; 0                                           ;
; Total memory bits                  ; 0                                           ;
; Embedded Multiplier 9-bit elements ; 0                                           ;
; Total PLLs                         ; 0                                           ;
+------------------------------------+---------------------------------------------+


+----------------------------------------------------------------------------------------------------------------------+
; Analysis & Synthesis Settings                                                                                        ;
+----------------------------------------------------------------------------+--------------------+--------------------+
; Option                                                                     ; Setting            ; Default Value      ;
+----------------------------------------------------------------------------+--------------------+--------------------+
; Device                                                                     ; EP4CE115F29C7      ;                    ;
; Top-level entity name                                                      ; DE2Lab1            ; LEDswitchv2        ;
; Family name                                                                ; Cyclone IV E       ; Cyclone V          ;
; Use smart compilation                                                      ; Off                ; Off                ;
; Enable parallel Assembler and TimeQuest Timing Analyzer during compilation ; On                 ; On                 ;
; Enable compact report table                                                ; Off                ; Off                ;
; Restructure Multiplexers                                                   ; Auto               ; Auto               ;
; Create Debugging Nodes for IP Cores                                        ; Off                ; Off                ;
; Preserve fewer node names                                                  ; On                 ; On                 ;
; Disable OpenCore Plus hardware evaluation                                  ; Off                ; Off                ;
; Verilog Version                                                            ; Verilog_2001       ; Verilog_2001       ;
; VHDL Version                                                               ; VHDL_1993          ; VHDL_1993          ;
; State Machine Processing                                                   ; Auto               ; Auto               ;
; Safe State Machine                                                         ; Off                ; Off                ;
; Extract Verilog State Machines                                             ; On                 ; On                 ;
; Extract VHDL State Machines                                                ; On                 ; On                 ;
; Ignore Verilog initial constructs                                          ; Off                ; Off                ;
; Iteration limit for constant Verilog loops                                 ; 5000               ; 5000               ;
; Iteration limit for non-constant Verilog loops                             ; 250                ; 250                ;
; Add Pass-Through Logic to Inferred RAMs                                    ; On                 ; On                 ;
; Infer RAMs from Raw Logic                                                  ; On                 ; On                 ;
; Parallel Synthesis                                                         ; On                 ; On                 ;
; DSP Block Balancing                                                        ; Auto               ; Auto               ;
; NOT Gate Push-Back                                                         ; On                 ; On                 ;
; Power-Up Don't Care                                                        ; On                 ; On                 ;
; Remove Redundant Logic Cells                                               ; Off                ; Off                ;
; Remove Duplicate Registers                                                 ; On                 ; On                 ;
; Ignore CARRY Buffers                                                       ; Off                ; Off                ;
; Ignore CASCADE Buffers                                                     ; Off                ; Off                ;
; Ignore GLOBAL Buffers                                                      ; Off                ; Off                ;
; Ignore ROW GLOBAL Buffers                                                  ; Off                ; Off                ;
; Ignore LCELL Buffers                                                       ; Off                ; Off                ;
; Ignore SOFT Buffers                                                        ; On                 ; On                 ;
; Limit AHDL Integers to 32 Bits                                             ; Off                ; Off                ;
; Optimization Technique                                                     ; Balanced           ; Balanced           ;
; Carry Chain Length                                                         ; 70                 ; 70                 ;
; Auto Carry Chains                                                          ; On                 ; On                 ;
; Auto Open-Drain Pins                                                       ; On                 ; On                 ;
; Perform WYSIWYG Primitive Resynthesis                                      ; Off                ; Off                ;
; Auto ROM Replacement                                                       ; On                 ; On                 ;
; Auto RAM Replacement                                                       ; On                 ; On                 ;
; Auto DSP Block Replacement                                                 ; On                 ; On                 ;
; Auto Shift Register Replacement                                            ; Auto               ; Auto               ;
; Allow Shift Register Merging across Hierarchies                            ; Auto               ; Auto               ;
; Auto Clock Enable Replacement                                              ; On                 ; On                 ;
; Strict RAM Replacement                                                     ; Off                ; Off                ;
; Allow Synchronous Control Signals                                          ; On                 ; On                 ;
; Force Use of Synchronous Clear Signals                                     ; Off                ; Off                ;
; Auto RAM Block Balancing                                                   ; On                 ; On                 ;
; Auto RAM to Logic Cell Conversion                                          ; Off                ; Off                ;
; Auto Resource Sharing                                                      ; Off                ; Off                ;
; Allow Any RAM Size For Recognition                                         ; Off                ; Off                ;
; Allow Any ROM Size For Recognition                                         ; Off                ; Off                ;
; Allow Any Shift Register Size For Recognition                              ; Off                ; Off                ;
; Use LogicLock Constraints during Resource Balancing                        ; On                 ; On                 ;
; Ignore translate_off and synthesis_off directives                          ; Off                ; Off                ;
; Timing-Driven Synthesis                                                    ; On                 ; On                 ;
; Report Parameter Settings                                                  ; On                 ; On                 ;
; Report Source Assignments                                                  ; On                 ; On                 ;
; Report Connectivity Checks                                                 ; On                 ; On                 ;
; Ignore Maximum Fan-Out Assignments                                         ; Off                ; Off                ;
; Synchronization Register Chain Length                                      ; 2                  ; 2                  ;
; PowerPlay Power Optimization During Synthesis                              ; Normal compilation ; Normal compilation ;
; HDL message level                                                          ; Level2             ; Level2             ;
; Suppress Register Optimization Related Messages                            ; Off                ; Off                ;
; Number of Removed Registers Reported in Synthesis Report                   ; 5000               ; 5000               ;
; Number of Swept Nodes Reported in Synthesis Report                         ; 5000               ; 5000               ;
; Number of Inverted Registers Reported in Synthesis Report                  ; 100                ; 100                ;
; Clock MUX Protection                                                       ; On                 ; On                 ;
; Auto Gated Clock Conversion                                                ; Off                ; Off                ;
; Block Design Naming                                                        ; Auto               ; Auto               ;
; SDC constraint protection                                                  ; Off                ; Off                ;
; Synthesis Effort                                                           ; Auto               ; Auto               ;
; Shift Register Replacement - Allow Asynchronous Clear Signal               ; On                 ; On                 ;
; Pre-Mapping Resynthesis Optimization                                       ; Off                ; Off                ;
; Analysis & Synthesis Message Level                                         ; Medium             ; Medium             ;
; Disable Register Merging Across Hierarchies                                ; Auto               ; Auto               ;
; Resource Aware Inference For Block RAM                                     ; On                 ; On                 ;
; Synthesis Seed                                                             ; 1                  ; 1                  ;
+----------------------------------------------------------------------------+--------------------+--------------------+


Parallel compilation was disabled, but you have multiple processors available. Enable parallel compilation to reduce compilation time.
+-------------------------------------+
; Parallel Compilation                ;
+----------------------------+--------+
; Processors                 ; Number ;
+----------------------------+--------+
; Number detected on machine ; 4      ;
; Maximum allowed            ; 1      ;
+----------------------------+--------+


+------------------------------------------------------------------------------------------------------------------------------------------------------------------------------------------------------------+
; Analysis & Synthesis Source Files Read                                                                                                                                                                     ;
+----------------------------------+-----------------+-----------------+---------------------------------------------------------------------------------------------------------------------------+---------+
; File Name with User-Entered Path ; Used in Netlist ; File Type       ; File Name with Absolute Path                                                                                              ; Library ;
+----------------------------------+-----------------+-----------------+---------------------------------------------------------------------------------------------------------------------------+---------+
; Segment7.vhd                     ; yes             ; User VHDL File  ; D:/Google Drive/UM/UM Sem 4/WIC2003 Digital Design and Hardware Description/Lab-Tutorial/#Week12/LEDswitchv2/Segment7.vhd ;         ;
; Mux.vhd                          ; yes             ; User VHDL File  ; D:/Google Drive/UM/UM Sem 4/WIC2003 Digital Design and Hardware Description/Lab-Tutorial/#Week12/LEDswitchv2/Mux.vhd      ;         ;
; Decoder.vhd                      ; yes             ; User VHDL File  ; D:/Google Drive/UM/UM Sem 4/WIC2003 Digital Design and Hardware Description/Lab-Tutorial/#Week12/LEDswitchv2/Decoder.vhd  ;         ;
; DE2Lab1.vhd                      ; yes             ; User VHDL File  ; D:/Google Drive/UM/UM Sem 4/WIC2003 Digital Design and Hardware Description/Lab-Tutorial/#Week12/LEDswitchv2/DE2Lab1.vhd  ;         ;
+----------------------------------+-----------------+-----------------+---------------------------------------------------------------------------------------------------------------------------+---------+


+-----------------------------------------------------------+
; Analysis & Synthesis Resource Usage Summary               ;
+---------------------------------------------+-------------+
; Resource                                    ; Usage       ;
+---------------------------------------------+-------------+
; Estimated Total logic elements              ; 31          ;
;                                             ;             ;
; Total combinational functions               ; 31          ;
; Logic element usage by number of LUT inputs ;             ;
;     -- 4 input functions                    ; 8           ;
;     -- 3 input functions                    ; 10          ;
;     -- <=2 input functions                  ; 13          ;
;                                             ;             ;
; Logic elements by mode                      ;             ;
;     -- normal mode                          ; 31          ;
;     -- arithmetic mode                      ; 0           ;
;                                             ;             ;
; Total registers                             ; 0           ;
;     -- Dedicated logic registers            ; 0           ;
;     -- I/O registers                        ; 0           ;
;                                             ;             ;
; I/O pins                                    ; 31          ;
;                                             ;             ;
; Embedded Multiplier 9-bit elements          ; 0           ;
;                                             ;             ;
; Maximum fan-out node                        ; SW[9]~input ;
; Maximum fan-out                             ; 11          ;
; Total fan-out                               ; 140         ;
; Average fan-out                             ; 1.51        ;
+---------------------------------------------+-------------+


+----------------------------------------------------------------------------------------------------------------------------------------------------------------------------------------------+
; Analysis & Synthesis Resource Utilization by Entity                                                                                                                                          ;
+----------------------------+-------------------+--------------+-------------+--------------+---------+-----------+------+--------------+------------------------+-------------+--------------+
; Compilation Hierarchy Node ; LC Combinationals ; LC Registers ; Memory Bits ; DSP Elements ; DSP 9x9 ; DSP 18x18 ; Pins ; Virtual Pins ; Full Hierarchy Name    ; Entity Name ; Library Name ;
+----------------------------+-------------------+--------------+-------------+--------------+---------+-----------+------+--------------+------------------------+-------------+--------------+
; |DE2LAB1                   ; 31 (0)            ; 0 (0)        ; 0           ; 0            ; 0       ; 0         ; 31   ; 0            ; |DE2LAB1               ; DE2LAB1     ; work         ;
;    |MUX:MUX0|              ; 6 (6)             ; 0 (0)        ; 0           ; 0            ; 0       ; 0         ; 0    ; 0            ; |DE2LAB1|MUX:MUX0      ; MUX         ; work         ;
;    |MUX:MUX1|              ; 6 (6)             ; 0 (0)        ; 0           ; 0            ; 0       ; 0         ; 0    ; 0            ; |DE2LAB1|MUX:MUX1      ; MUX         ; work         ;
;    |MUX:MUX2|              ; 7 (7)             ; 0 (0)        ; 0           ; 0            ; 0       ; 0         ; 0    ; 0            ; |DE2LAB1|MUX:MUX2      ; MUX         ; work         ;
;    |SEGMENT7:SEG0|         ; 4 (4)             ; 0 (0)        ; 0           ; 0            ; 0       ; 0         ; 0    ; 0            ; |DE2LAB1|SEGMENT7:SEG0 ; SEGMENT7    ; work         ;
;    |SEGMENT7:SEG1|         ; 4 (4)             ; 0 (0)        ; 0           ; 0            ; 0       ; 0         ; 0    ; 0            ; |DE2LAB1|SEGMENT7:SEG1 ; SEGMENT7    ; work         ;
;    |SEGMENT7:SEG2|         ; 4 (4)             ; 0 (0)        ; 0           ; 0            ; 0       ; 0         ; 0    ; 0            ; |DE2LAB1|SEGMENT7:SEG2 ; SEGMENT7    ; work         ;
+----------------------------+-------------------+--------------+-------------+--------------+---------+-----------+------+--------------+------------------------+-------------+--------------+
Note: For table entries with two numbers listed, the numbers in parentheses indicate the number of resources of the given type used by the specific entity alone. The numbers listed outside of parentheses indicate the total resources of the given type used by the specific entity and all of its sub-entities in the hierarchy.


+---------------------------------------------------------------------------------------------------+
; User-Specified and Inferred Latches                                                               ;
+----------------------------------------------------+---------------------+------------------------+
; Latch Name                                         ; Latch Enable Signal ; Free of Timing Hazards ;
+----------------------------------------------------+---------------------+------------------------+
; MUX:MUX0|MUX0[1]                                   ; MUX:MUX0|MUX0[1]    ; yes                    ;
; MUX:MUX0|MUX0[0]                                   ; MUX:MUX0|MUX0[1]    ; yes                    ;
; MUX:MUX1|MUX0[1]                                   ; MUX:MUX1|MUX0[1]    ; yes                    ;
; MUX:MUX1|MUX0[0]                                   ; MUX:MUX1|MUX0[1]    ; yes                    ;
; MUX:MUX2|MUX0[1]                                   ; MUX:MUX2|MUX0[1]    ; yes                    ;
; MUX:MUX2|MUX0[0]                                   ; MUX:MUX2|MUX0[1]    ; yes                    ;
; Number of user-specified and inferred latches = 6  ;                     ;                        ;
+----------------------------------------------------+---------------------+------------------------+
Note: All latches listed above may not be present at the end of synthesis due to various synthesis optimizations.


+------------------------------------------------------+
; General Register Statistics                          ;
+----------------------------------------------+-------+
; Statistic                                    ; Value ;
+----------------------------------------------+-------+
; Total registers                              ; 0     ;
; Number of registers using Synchronous Clear  ; 0     ;
; Number of registers using Synchronous Load   ; 0     ;
; Number of registers using Asynchronous Clear ; 0     ;
; Number of registers using Asynchronous Load  ; 0     ;
; Number of registers using Clock Enable       ; 0     ;
; Number of registers using Preset             ; 0     ;
+----------------------------------------------+-------+


+------------------------------------------------------------------------------------------------------------------------------------------+
; Multiplexer Restructuring Statistics (Restructuring Performed)                                                                           ;
+--------------------+-----------+---------------+----------------------+------------------------+------------+----------------------------+
; Multiplexer Inputs ; Bus Width ; Baseline Area ; Area if Restructured ; Saving if Restructured ; Registered ; Example Multiplexer Output ;
+--------------------+-----------+---------------+----------------------+------------------------+------------+----------------------------+
; 3:1                ; 2 bits    ; 4 LEs         ; 4 LEs                ; 0 LEs                  ; No         ; |DE2LAB1|MUX:MUX2|MUX0[1]  ;
; 3:1                ; 2 bits    ; 4 LEs         ; 4 LEs                ; 0 LEs                  ; No         ; |DE2LAB1|MUX:MUX0|MUX0[1]  ;
; 3:1                ; 2 bits    ; 4 LEs         ; 4 LEs                ; 0 LEs                  ; No         ; |DE2LAB1|MUX:MUX1|MUX0[1]  ;
+--------------------+-----------+---------------+----------------------+------------------------+------------+----------------------------+


+-----------------------------------------------------+
; Post-Synthesis Netlist Statistics for Top Partition ;
+-----------------------+-----------------------------+
; Type                  ; Count                       ;
+-----------------------+-----------------------------+
; boundary_port         ; 31                          ;
; cycloneiii_lcell_comb ; 34                          ;
;     normal            ; 34                          ;
;         1 data inputs ; 3                           ;
;         2 data inputs ; 13                          ;
;         3 data inputs ; 10                          ;
;         4 data inputs ; 8                           ;
;                       ;                             ;
; Max LUT depth         ; 3.00                        ;
; Average LUT depth     ; 2.35                        ;
+-----------------------+-----------------------------+


+-------------------------------+
; Elapsed Time Per Partition    ;
+----------------+--------------+
; Partition Name ; Elapsed Time ;
+----------------+--------------+
; Top            ; 00:00:00     ;
+----------------+--------------+


+-------------------------------+
; Analysis & Synthesis Messages ;
+-------------------------------+
Info: *******************************************************************
Info: Running Quartus Prime Analysis & Synthesis
    Info: Version 16.0.0 Build 211 04/27/2016 SJ Lite Edition
    Info: Processing started: Mon May 22 16:51:19 2017
Info: Command: quartus_map --read_settings_files=on --write_settings_files=off LEDswitchv2 -c LEDswitchv2
Warning (20028): Parallel compilation is not licensed and has been disabled
Info (12021): Found 2 design units, including 1 entities, in source file segment7.vhd
    Info (12022): Found design unit 1: SEGMENT7-STRUCT File: D:/Google Drive/UM/UM Sem 4/WIC2003 Digital Design and Hardware Description/Lab-Tutorial/#Week12/LEDswitchv2/Segment7.vhd Line: 11
    Info (12023): Found entity 1: SEGMENT7 File: D:/Google Drive/UM/UM Sem 4/WIC2003 Digital Design and Hardware Description/Lab-Tutorial/#Week12/LEDswitchv2/Segment7.vhd Line: 4
Warning (12090): Entity "MUX" obtained from "Mux.vhd" instead of from Quartus Prime megafunction library File: D:/Google Drive/UM/UM Sem 4/WIC2003 Digital Design and Hardware Description/Lab-Tutorial/#Week12/LEDswitchv2/Mux.vhd Line: 4
Info (12021): Found 2 design units, including 1 entities, in source file mux.vhd
    Info (12022): Found design unit 1: MUX-STRUCT File: D:/Google Drive/UM/UM Sem 4/WIC2003 Digital Design and Hardware Description/Lab-Tutorial/#Week12/LEDswitchv2/Mux.vhd Line: 12
    Info (12023): Found entity 1: MUX File: D:/Google Drive/UM/UM Sem 4/WIC2003 Digital Design and Hardware Description/Lab-Tutorial/#Week12/LEDswitchv2/Mux.vhd Line: 4
Info (12021): Found 2 design units, including 1 entities, in source file decoder.vhd
    Info (12022): Found design unit 1: DECODER-STRUCT File: D:/Google Drive/UM/UM Sem 4/WIC2003 Digital Design and Hardware Description/Lab-Tutorial/#Week12/LEDswitchv2/Decoder.vhd Line: 11
    Info (12023): Found entity 1: DECODER File: D:/Google Drive/UM/UM Sem 4/WIC2003 Digital Design and Hardware Description/Lab-Tutorial/#Week12/LEDswitchv2/Decoder.vhd Line: 4
Info (12021): Found 2 design units, including 1 entities, in source file de2lab1.vhd
    Info (12022): Found design unit 1: DE2LAB1-STRUCT File: D:/Google Drive/UM/UM Sem 4/WIC2003 Digital Design and Hardware Description/Lab-Tutorial/#Week12/LEDswitchv2/DE2Lab1.vhd Line: 13
    Info (12023): Found entity 1: DE2LAB1 File: D:/Google Drive/UM/UM Sem 4/WIC2003 Digital Design and Hardware Description/Lab-Tutorial/#Week12/LEDswitchv2/DE2Lab1.vhd Line: 4
Info (12127): Elaborating entity "DE2Lab1" for the top level hierarchy
Info (12128): Elaborating entity "DECODER" for hierarchy "DECODER:DECODER0" File: D:/Google Drive/UM/UM Sem 4/WIC2003 Digital Design and Hardware Description/Lab-Tutorial/#Week12/LEDswitchv2/DE2Lab1.vhd Line: 42
Info (12128): Elaborating entity "MUX" for hierarchy "MUX:MUX0" File: D:/Google Drive/UM/UM Sem 4/WIC2003 Digital Design and Hardware Description/Lab-Tutorial/#Week12/LEDswitchv2/DE2Lab1.vhd Line: 43
Warning (10631): VHDL Process Statement warning at Mux.vhd(14): inferring latch(es) for signal or variable "MUX0", which holds its previous value in one or more paths through the process File: D:/Google Drive/UM/UM Sem 4/WIC2003 Digital Design and Hardware Description/Lab-Tutorial/#Week12/LEDswitchv2/Mux.vhd Line: 14
Info (10041): Inferred latch for "MUX0[0]" at Mux.vhd(14) File: D:/Google Drive/UM/UM Sem 4/WIC2003 Digital Design and Hardware Description/Lab-Tutorial/#Week12/LEDswitchv2/Mux.vhd Line: 14
Info (10041): Inferred latch for "MUX0[1]" at Mux.vhd(14) File: D:/Google Drive/UM/UM Sem 4/WIC2003 Digital Design and Hardware Description/Lab-Tutorial/#Week12/LEDswitchv2/Mux.vhd Line: 14
Info (12128): Elaborating entity "SEGMENT7" for hierarchy "SEGMENT7:SEG0" File: D:/Google Drive/UM/UM Sem 4/WIC2003 Digital Design and Hardware Description/Lab-Tutorial/#Week12/LEDswitchv2/DE2Lab1.vhd Line: 46
Warning (13012): Latch MUX:MUX0|MUX0[1] has unsafe behavior File: D:/Google Drive/UM/UM Sem 4/WIC2003 Digital Design and Hardware Description/Lab-Tutorial/#Week12/LEDswitchv2/Mux.vhd Line: 14
    Warning (13013): Ports D and ENA on the latch are fed by the same signal SW[9] File: D:/Google Drive/UM/UM Sem 4/WIC2003 Digital Design and Hardware Description/Lab-Tutorial/#Week12/LEDswitchv2/DE2Lab1.vhd Line: 6
Warning (13012): Latch MUX:MUX0|MUX0[0] has unsafe behavior File: D:/Google Drive/UM/UM Sem 4/WIC2003 Digital Design and Hardware Description/Lab-Tutorial/#Week12/LEDswitchv2/Mux.vhd Line: 14
    Warning (13013): Ports D and ENA on the latch are fed by the same signal SW[9] File: D:/Google Drive/UM/UM Sem 4/WIC2003 Digital Design and Hardware Description/Lab-Tutorial/#Week12/LEDswitchv2/DE2Lab1.vhd Line: 6
Warning (13012): Latch MUX:MUX1|MUX0[1] has unsafe behavior File: D:/Google Drive/UM/UM Sem 4/WIC2003 Digital Design and Hardware Description/Lab-Tutorial/#Week12/LEDswitchv2/Mux.vhd Line: 14
    Warning (13013): Ports D and ENA on the latch are fed by the same signal SW[8] File: D:/Google Drive/UM/UM Sem 4/WIC2003 Digital Design and Hardware Description/Lab-Tutorial/#Week12/LEDswitchv2/DE2Lab1.vhd Line: 6
Warning (13012): Latch MUX:MUX1|MUX0[0] has unsafe behavior File: D:/Google Drive/UM/UM Sem 4/WIC2003 Digital Design and Hardware Description/Lab-Tutorial/#Week12/LEDswitchv2/Mux.vhd Line: 14
    Warning (13013): Ports D and ENA on the latch are fed by the same signal SW[8] File: D:/Google Drive/UM/UM Sem 4/WIC2003 Digital Design and Hardware Description/Lab-Tutorial/#Week12/LEDswitchv2/DE2Lab1.vhd Line: 6
Warning (13012): Latch MUX:MUX2|MUX0[1] has unsafe behavior File: D:/Google Drive/UM/UM Sem 4/WIC2003 Digital Design and Hardware Description/Lab-Tutorial/#Week12/LEDswitchv2/Mux.vhd Line: 14
    Warning (13013): Ports D and ENA on the latch are fed by the same signal SW[8] File: D:/Google Drive/UM/UM Sem 4/WIC2003 Digital Design and Hardware Description/Lab-Tutorial/#Week12/LEDswitchv2/DE2Lab1.vhd Line: 6
Warning (13012): Latch MUX:MUX2|MUX0[0] has unsafe behavior File: D:/Google Drive/UM/UM Sem 4/WIC2003 Digital Design and Hardware Description/Lab-Tutorial/#Week12/LEDswitchv2/Mux.vhd Line: 14
    Warning (13013): Ports D and ENA on the latch are fed by the same signal SW[8] File: D:/Google Drive/UM/UM Sem 4/WIC2003 Digital Design and Hardware Description/Lab-Tutorial/#Week12/LEDswitchv2/DE2Lab1.vhd Line: 6
Info (286030): Timing-Driven Synthesis is running
Info (16010): Generating hard_block partition "hard_block:auto_generated_inst"
    Info (16011): Adding 0 node(s), including 0 DDIO, 0 PLL, 0 transceiver and 0 LCELL
Warning (21074): Design contains 2 input pin(s) that do not drive logic
    Warning (15610): No output dependent on input pin "SW[6]" File: D:/Google Drive/UM/UM Sem 4/WIC2003 Digital Design and Hardware Description/Lab-Tutorial/#Week12/LEDswitchv2/DE2Lab1.vhd Line: 6
    Warning (15610): No output dependent on input pin "SW[7]" File: D:/Google Drive/UM/UM Sem 4/WIC2003 Digital Design and Hardware Description/Lab-Tutorial/#Week12/LEDswitchv2/DE2Lab1.vhd Line: 6
Info (21057): Implemented 62 device resources after synthesis - the final resource count might be different
    Info (21058): Implemented 10 input pins
    Info (21059): Implemented 21 output pins
    Info (21061): Implemented 31 logic cells
Info: Quartus Prime Analysis & Synthesis was successful. 0 errors, 18 warnings
    Info: Peak virtual memory: 874 megabytes
    Info: Processing ended: Mon May 22 16:51:44 2017
    Info: Elapsed time: 00:00:25
    Info: Total CPU time (on all processors): 00:00:51


