Assembler report for Q2
Wed May 17 16:12:36 2017
Quartus Prime Version 16.0.0 Build 211 04/27/2016 SJ Lite Edition


---------------------
; Table of Contents ;
---------------------
  1. Legal Notice
  2. Assembler Summary
  3. Assembler Settings
  4. Assembler Generated Files
  5. Assembler Device Options: D:/Google Drive/UM/UM Sem 4/WIC2003 Digital Design and Hardware Description/Lab-Tutorial/#Week13/Lab/Q2/output_files/Q2.sof
  6. Assembler Messages



----------------
; Legal Notice ;
----------------
Copyright (C) 1991-2016 Altera Corporation. All rights reserved.
Your use of Altera Corporation's design tools, logic functions 
and other software and tools, and its AMPP partner logic 
functions, and any output files from any of the foregoing 
(including device programming or simulation files), and any 
associated documentation or information are expressly subject 
to the terms and conditions of the Altera Program License 
Subscription Agreement, the Altera Quartus Prime License Agreement,
the Altera MegaCore Function License Agreement, or other 
applicable license agreement, including, without limitation, 
that your use is for the sole purpose of programming logic 
devices manufactured by Altera and sold by Altera or its 
authorized distributors.  Please refer to the applicable 
agreement for further details.



+---------------------------------------------------------------+
; Assembler Summary                                             ;
+-----------------------+---------------------------------------+
; Assembler Status      ; Successful - Wed May 17 16:12:36 2017 ;
; Revision Name         ; Q2                                    ;
; Top-level Entity Name ; rotate_All                            ;
; Family                ; Cyclone IV E                          ;
; Device                ; EP4CE115F29C7                         ;
+-----------------------+---------------------------------------+


+----------------------------------+
; Assembler Settings               ;
+--------+---------+---------------+
; Option ; Setting ; Default Value ;
+--------+---------+---------------+


+-----------------------------------------------------------------------------------------------------------------------------+
; Assembler Generated Files                                                                                                   ;
+-----------------------------------------------------------------------------------------------------------------------------+
; File Name                                                                                                                   ;
+-----------------------------------------------------------------------------------------------------------------------------+
; D:/Google Drive/UM/UM Sem 4/WIC2003 Digital Design and Hardware Description/Lab-Tutorial/#Week13/Lab/Q2/output_files/Q2.sof ;
+-----------------------------------------------------------------------------------------------------------------------------+


+-------------------------------------------------------------------------------------------------------------------------------------------------------+
; Assembler Device Options: D:/Google Drive/UM/UM Sem 4/WIC2003 Digital Design and Hardware Description/Lab-Tutorial/#Week13/Lab/Q2/output_files/Q2.sof ;
+----------------+--------------------------------------------------------------------------------------------------------------------------------------+
; Option         ; Setting                                                                                                                              ;
+----------------+--------------------------------------------------------------------------------------------------------------------------------------+
; Device         ; EP4CE115F29C7                                                                                                                        ;
; JTAG usercode  ; 0x0056D9D6                                                                                                                           ;
; Checksum       ; 0x0056D9D6                                                                                                                           ;
+----------------+--------------------------------------------------------------------------------------------------------------------------------------+


+--------------------+
; Assembler Messages ;
+--------------------+
Info: *******************************************************************
Info: Running Quartus Prime Assembler
    Info: Version 16.0.0 Build 211 04/27/2016 SJ Lite Edition
    Info: Processing started: Wed May 17 16:12:29 2017
Info: Command: quartus_asm --read_settings_files=off --write_settings_files=off Q2 -c Q2
Info (115031): Writing out detailed assembly data for power analysis
Info (115030): Assembler is generating device programming files
Info: Quartus Prime Assembler was successful. 0 errors, 0 warnings
    Info: Peak virtual memory: 766 megabytes
    Info: Processing ended: Wed May 17 16:12:36 2017
    Info: Elapsed time: 00:00:07
    Info: Total CPU time (on all processors): 00:00:06


