EDA Netlist Writer report for AddSub8
Sun Mar 19 14:15:25 2017
Quartus Prime Version 16.0.0 Build 211 04/27/2016 SJ Lite Edition


---------------------
; Table of Contents ;
---------------------
  1. Legal Notice
  2. EDA Netlist Writer Summary
  3. Simulation Settings
  4. Simulation Generated Files
  5. EDA Netlist Writer Messages



----------------
; Legal Notice ;
----------------
Copyright (C) 1991-2016 Altera Corporation. All rights reserved.
Your use of Altera Corporation's design tools, logic functions 
and other software and tools, and its AMPP partner logic 
functions, and any output files from any of the foregoing 
(including device programming or simulation files), and any 
associated documentation or information are expressly subject 
to the terms and conditions of the Altera Program License 
Subscription Agreement, the Altera Quartus Prime License Agreement,
the Altera MegaCore Function License Agreement, or other 
applicable license agreement, including, without limitation, 
that your use is for the sole purpose of programming logic 
devices manufactured by Altera and sold by Altera or its 
authorized distributors.  Please refer to the applicable 
agreement for further details.



+-------------------------------------------------------------------+
; EDA Netlist Writer Summary                                        ;
+---------------------------+---------------------------------------+
; EDA Netlist Writer Status ; Successful - Sun Mar 19 14:15:25 2017 ;
; Revision Name             ; AddSub8                               ;
; Top-level Entity Name     ; AddSub8                               ;
; Family                    ; Cyclone IV E                          ;
; Simulation Files Creation ; Successful                            ;
+---------------------------+---------------------------------------+


+----------------------------------------------------------------------------------------------------------------------------+
; Simulation Settings                                                                                                        ;
+---------------------------------------------------------------------------------------------------+------------------------+
; Option                                                                                            ; Setting                ;
+---------------------------------------------------------------------------------------------------+------------------------+
; Tool Name                                                                                         ; ModelSim-Altera (VHDL) ;
; Generate functional simulation netlist                                                            ; Off                    ;
; Time scale                                                                                        ; 1 ps                   ;
; Truncate long hierarchy paths                                                                     ; Off                    ;
; Map illegal HDL characters                                                                        ; Off                    ;
; Flatten buses into individual nodes                                                               ; Off                    ;
; Maintain hierarchy                                                                                ; Off                    ;
; Bring out device-wide set/reset signals as ports                                                  ; Off                    ;
; Enable glitch filtering                                                                           ; Off                    ;
; Do not write top level VHDL entity                                                                ; Off                    ;
; Disable detection of setup and hold time violations in the input registers of bi-directional pins ; Off                    ;
; Architecture name in VHDL output netlist                                                          ; structure              ;
; Generate third-party EDA tool command script for RTL functional simulation                        ; Off                    ;
; Generate third-party EDA tool command script for gate-level simulation                            ; Off                    ;
+---------------------------------------------------------------------------------------------------+------------------------+


+-----------------------------------------------------------------------------------------------------------------------------------------------------------------------+
; Simulation Generated Files                                                                                                                                            ;
+-----------------------------------------------------------------------------------------------------------------------------------------------------------------------+
; Generated Files                                                                                                                                                       ;
+-----------------------------------------------------------------------------------------------------------------------------------------------------------------------+
; D:/Google Drive/UM/UM Sem 4/WIC2003 Digital Design and Hardware Description/Lab-Tutorial/Tutorial 4 (Week 4)/simulation/modelsim/AddSub8_8l_1000mv_100c_slow.vho      ;
; D:/Google Drive/UM/UM Sem 4/WIC2003 Digital Design and Hardware Description/Lab-Tutorial/Tutorial 4 (Week 4)/simulation/modelsim/AddSub8_8l_1000mv_-40c_slow.vho      ;
; D:/Google Drive/UM/UM Sem 4/WIC2003 Digital Design and Hardware Description/Lab-Tutorial/Tutorial 4 (Week 4)/simulation/modelsim/AddSub8_min_1000mv_-40c_fast.vho     ;
; D:/Google Drive/UM/UM Sem 4/WIC2003 Digital Design and Hardware Description/Lab-Tutorial/Tutorial 4 (Week 4)/simulation/modelsim/AddSub8.vho                          ;
; D:/Google Drive/UM/UM Sem 4/WIC2003 Digital Design and Hardware Description/Lab-Tutorial/Tutorial 4 (Week 4)/simulation/modelsim/AddSub8_8l_1000mv_100c_vhd_slow.sdo  ;
; D:/Google Drive/UM/UM Sem 4/WIC2003 Digital Design and Hardware Description/Lab-Tutorial/Tutorial 4 (Week 4)/simulation/modelsim/AddSub8_8l_1000mv_-40c_vhd_slow.sdo  ;
; D:/Google Drive/UM/UM Sem 4/WIC2003 Digital Design and Hardware Description/Lab-Tutorial/Tutorial 4 (Week 4)/simulation/modelsim/AddSub8_min_1000mv_-40c_vhd_fast.sdo ;
; D:/Google Drive/UM/UM Sem 4/WIC2003 Digital Design and Hardware Description/Lab-Tutorial/Tutorial 4 (Week 4)/simulation/modelsim/AddSub8_vhd.sdo                      ;
+-----------------------------------------------------------------------------------------------------------------------------------------------------------------------+


+-----------------------------+
; EDA Netlist Writer Messages ;
+-----------------------------+
Info: *******************************************************************
Info: Running Quartus Prime EDA Netlist Writer
    Info: Version 16.0.0 Build 211 04/27/2016 SJ Lite Edition
    Info: Processing started: Sun Mar 19 14:15:22 2017
Info: Command: quartus_eda --read_settings_files=off --write_settings_files=off AddSub8 -c AddSub8
Info (204019): Generated file AddSub8_8l_1000mv_100c_slow.vho in folder "D:/Google Drive/UM/UM Sem 4/WIC2003 Digital Design and Hardware Description/Lab-Tutorial/Tutorial 4 (Week 4)/simulation/modelsim/" for EDA simulation tool
Info (204019): Generated file AddSub8_8l_1000mv_-40c_slow.vho in folder "D:/Google Drive/UM/UM Sem 4/WIC2003 Digital Design and Hardware Description/Lab-Tutorial/Tutorial 4 (Week 4)/simulation/modelsim/" for EDA simulation tool
Info (204019): Generated file AddSub8_min_1000mv_-40c_fast.vho in folder "D:/Google Drive/UM/UM Sem 4/WIC2003 Digital Design and Hardware Description/Lab-Tutorial/Tutorial 4 (Week 4)/simulation/modelsim/" for EDA simulation tool
Info (204019): Generated file AddSub8.vho in folder "D:/Google Drive/UM/UM Sem 4/WIC2003 Digital Design and Hardware Description/Lab-Tutorial/Tutorial 4 (Week 4)/simulation/modelsim/" for EDA simulation tool
Info (204019): Generated file AddSub8_8l_1000mv_100c_vhd_slow.sdo in folder "D:/Google Drive/UM/UM Sem 4/WIC2003 Digital Design and Hardware Description/Lab-Tutorial/Tutorial 4 (Week 4)/simulation/modelsim/" for EDA simulation tool
Info (204019): Generated file AddSub8_8l_1000mv_-40c_vhd_slow.sdo in folder "D:/Google Drive/UM/UM Sem 4/WIC2003 Digital Design and Hardware Description/Lab-Tutorial/Tutorial 4 (Week 4)/simulation/modelsim/" for EDA simulation tool
Info (204019): Generated file AddSub8_min_1000mv_-40c_vhd_fast.sdo in folder "D:/Google Drive/UM/UM Sem 4/WIC2003 Digital Design and Hardware Description/Lab-Tutorial/Tutorial 4 (Week 4)/simulation/modelsim/" for EDA simulation tool
Info (204019): Generated file AddSub8_vhd.sdo in folder "D:/Google Drive/UM/UM Sem 4/WIC2003 Digital Design and Hardware Description/Lab-Tutorial/Tutorial 4 (Week 4)/simulation/modelsim/" for EDA simulation tool
Info: Quartus Prime EDA Netlist Writer was successful. 0 errors, 0 warnings
    Info: Peak virtual memory: 730 megabytes
    Info: Processing ended: Sun Mar 19 14:15:25 2017
    Info: Elapsed time: 00:00:03
    Info: Total CPU time (on all processors): 00:00:02


