Analysis & Synthesis report for AddSub8
Sun Mar 19 14:14:22 2017
Quartus Prime Version 16.0.0 Build 211 04/27/2016 SJ Lite Edition


---------------------
; Table of Contents ;
---------------------
  1. Legal Notice
  2. Analysis & Synthesis Summary
  3. Analysis & Synthesis Settings
  4. Parallel Compilation
  5. Analysis & Synthesis Source Files Read
  6. Analysis & Synthesis Resource Usage Summary
  7. Analysis & Synthesis Resource Utilization by Entity
  8. General Register Statistics
  9. Post-Synthesis Netlist Statistics for Top Partition
 10. Elapsed Time Per Partition
 11. Analysis & Synthesis Messages



----------------
; Legal Notice ;
----------------
Copyright (C) 1991-2016 Altera Corporation. All rights reserved.
Your use of Altera Corporation's design tools, logic functions 
and other software and tools, and its AMPP partner logic 
functions, and any output files from any of the foregoing 
(including device programming or simulation files), and any 
associated documentation or information are expressly subject 
to the terms and conditions of the Altera Program License 
Subscription Agreement, the Altera Quartus Prime License Agreement,
the Altera MegaCore Function License Agreement, or other 
applicable license agreement, including, without limitation, 
that your use is for the sole purpose of programming logic 
devices manufactured by Altera and sold by Altera or its 
authorized distributors.  Please refer to the applicable 
agreement for further details.



+----------------------------------------------------------------------------------+
; Analysis & Synthesis Summary                                                     ;
+------------------------------------+---------------------------------------------+
; Analysis & Synthesis Status        ; Successful - Sun Mar 19 14:14:22 2017       ;
; Quartus Prime Version              ; 16.0.0 Build 211 04/27/2016 SJ Lite Edition ;
; Revision Name                      ; AddSub8                                     ;
; Top-level Entity Name              ; AddSub8                                     ;
; Family                             ; Cyclone IV E                                ;
; Total logic elements               ; 16                                          ;
;     Total combinational functions  ; 16                                          ;
;     Dedicated logic registers      ; 0                                           ;
; Total registers                    ; 0                                           ;
; Total pins                         ; 50                                          ;
; Total virtual pins                 ; 0                                           ;
; Total memory bits                  ; 0                                           ;
; Embedded Multiplier 9-bit elements ; 0                                           ;
; Total PLLs                         ; 0                                           ;
+------------------------------------+---------------------------------------------+


+----------------------------------------------------------------------------------------------------------------------+
; Analysis & Synthesis Settings                                                                                        ;
+----------------------------------------------------------------------------+--------------------+--------------------+
; Option                                                                     ; Setting            ; Default Value      ;
+----------------------------------------------------------------------------+--------------------+--------------------+
; Device                                                                     ; EP4CE115F29I8L     ;                    ;
; Top-level entity name                                                      ; AddSub8            ; AddSub8            ;
; Family name                                                                ; Cyclone IV E       ; Cyclone V          ;
; Use smart compilation                                                      ; Off                ; Off                ;
; Enable parallel Assembler and TimeQuest Timing Analyzer during compilation ; On                 ; On                 ;
; Enable compact report table                                                ; Off                ; Off                ;
; Restructure Multiplexers                                                   ; Auto               ; Auto               ;
; Create Debugging Nodes for IP Cores                                        ; Off                ; Off                ;
; Preserve fewer node names                                                  ; On                 ; On                 ;
; Disable OpenCore Plus hardware evaluation                                  ; Off                ; Off                ;
; Verilog Version                                                            ; Verilog_2001       ; Verilog_2001       ;
; VHDL Version                                                               ; VHDL_1993          ; VHDL_1993          ;
; State Machine Processing                                                   ; Auto               ; Auto               ;
; Safe State Machine                                                         ; Off                ; Off                ;
; Extract Verilog State Machines                                             ; On                 ; On                 ;
; Extract VHDL State Machines                                                ; On                 ; On                 ;
; Ignore Verilog initial constructs                                          ; Off                ; Off                ;
; Iteration limit for constant Verilog loops                                 ; 5000               ; 5000               ;
; Iteration limit for non-constant Verilog loops                             ; 250                ; 250                ;
; Add Pass-Through Logic to Inferred RAMs                                    ; On                 ; On                 ;
; Infer RAMs from Raw Logic                                                  ; On                 ; On                 ;
; Parallel Synthesis                                                         ; On                 ; On                 ;
; DSP Block Balancing                                                        ; Auto               ; Auto               ;
; NOT Gate Push-Back                                                         ; On                 ; On                 ;
; Power-Up Don't Care                                                        ; On                 ; On                 ;
; Remove Redundant Logic Cells                                               ; Off                ; Off                ;
; Remove Duplicate Registers                                                 ; On                 ; On                 ;
; Ignore CARRY Buffers                                                       ; Off                ; Off                ;
; Ignore CASCADE Buffers                                                     ; Off                ; Off                ;
; Ignore GLOBAL Buffers                                                      ; Off                ; Off                ;
; Ignore ROW GLOBAL Buffers                                                  ; Off                ; Off                ;
; Ignore LCELL Buffers                                                       ; Off                ; Off                ;
; Ignore SOFT Buffers                                                        ; On                 ; On                 ;
; Limit AHDL Integers to 32 Bits                                             ; Off                ; Off                ;
; Optimization Technique                                                     ; Balanced           ; Balanced           ;
; Carry Chain Length                                                         ; 70                 ; 70                 ;
; Auto Carry Chains                                                          ; On                 ; On                 ;
; Auto Open-Drain Pins                                                       ; On                 ; On                 ;
; Perform WYSIWYG Primitive Resynthesis                                      ; Off                ; Off                ;
; Auto ROM Replacement                                                       ; On                 ; On                 ;
; Auto RAM Replacement                                                       ; On                 ; On                 ;
; Auto DSP Block Replacement                                                 ; On                 ; On                 ;
; Auto Shift Register Replacement                                            ; Auto               ; Auto               ;
; Allow Shift Register Merging across Hierarchies                            ; Auto               ; Auto               ;
; Auto Clock Enable Replacement                                              ; On                 ; On                 ;
; Strict RAM Replacement                                                     ; Off                ; Off                ;
; Allow Synchronous Control Signals                                          ; On                 ; On                 ;
; Force Use of Synchronous Clear Signals                                     ; Off                ; Off                ;
; Auto RAM Block Balancing                                                   ; On                 ; On                 ;
; Auto RAM to Logic Cell Conversion                                          ; Off                ; Off                ;
; Auto Resource Sharing                                                      ; Off                ; Off                ;
; Allow Any RAM Size For Recognition                                         ; Off                ; Off                ;
; Allow Any ROM Size For Recognition                                         ; Off                ; Off                ;
; Allow Any Shift Register Size For Recognition                              ; Off                ; Off                ;
; Use LogicLock Constraints during Resource Balancing                        ; On                 ; On                 ;
; Ignore translate_off and synthesis_off directives                          ; Off                ; Off                ;
; Timing-Driven Synthesis                                                    ; On                 ; On                 ;
; Report Parameter Settings                                                  ; On                 ; On                 ;
; Report Source Assignments                                                  ; On                 ; On                 ;
; Report Connectivity Checks                                                 ; On                 ; On                 ;
; Ignore Maximum Fan-Out Assignments                                         ; Off                ; Off                ;
; Synchronization Register Chain Length                                      ; 2                  ; 2                  ;
; PowerPlay Power Optimization During Synthesis                              ; Normal compilation ; Normal compilation ;
; HDL message level                                                          ; Level2             ; Level2             ;
; Suppress Register Optimization Related Messages                            ; Off                ; Off                ;
; Number of Removed Registers Reported in Synthesis Report                   ; 5000               ; 5000               ;
; Number of Swept Nodes Reported in Synthesis Report                         ; 5000               ; 5000               ;
; Number of Inverted Registers Reported in Synthesis Report                  ; 100                ; 100                ;
; Clock MUX Protection                                                       ; On                 ; On                 ;
; Auto Gated Clock Conversion                                                ; Off                ; Off                ;
; Block Design Naming                                                        ; Auto               ; Auto               ;
; SDC constraint protection                                                  ; Off                ; Off                ;
; Synthesis Effort                                                           ; Auto               ; Auto               ;
; Shift Register Replacement - Allow Asynchronous Clear Signal               ; On                 ; On                 ;
; Pre-Mapping Resynthesis Optimization                                       ; Off                ; Off                ;
; Analysis & Synthesis Message Level                                         ; Medium             ; Medium             ;
; Disable Register Merging Across Hierarchies                                ; Auto               ; Auto               ;
; Resource Aware Inference For Block RAM                                     ; On                 ; On                 ;
; Synthesis Seed                                                             ; 1                  ; 1                  ;
+----------------------------------------------------------------------------+--------------------+--------------------+


Parallel compilation was disabled, but you have multiple processors available. Enable parallel compilation to reduce compilation time.
+-------------------------------------+
; Parallel Compilation                ;
+----------------------------+--------+
; Processors                 ; Number ;
+----------------------------+--------+
; Number detected on machine ; 4      ;
; Maximum allowed            ; 1      ;
+----------------------------+--------+


+------------------------------------------------------------------------------------------------------------------------------------------------------------------------------------------------------------+
; Analysis & Synthesis Source Files Read                                                                                                                                                                     ;
+----------------------------------+-----------------+-----------------+---------------------------------------------------------------------------------------------------------------------------+---------+
; File Name with User-Entered Path ; Used in Netlist ; File Type       ; File Name with Absolute Path                                                                                              ; Library ;
+----------------------------------+-----------------+-----------------+---------------------------------------------------------------------------------------------------------------------------+---------+
; FA.vhd                           ; yes             ; User VHDL File  ; D:/Google Drive/UM/UM Sem 4/WIC2003 Digital Design and Hardware Description/Lab-Tutorial/Tutorial 4 (Week 4)/FA.vhd       ;         ;
; AddSub8.vhd                      ; yes             ; User VHDL File  ; D:/Google Drive/UM/UM Sem 4/WIC2003 Digital Design and Hardware Description/Lab-Tutorial/Tutorial 4 (Week 4)/AddSub8.vhd  ;         ;
; Adder16.vhd                      ; yes             ; User VHDL File  ; D:/Google Drive/UM/UM Sem 4/WIC2003 Digital Design and Hardware Description/Lab-Tutorial/Tutorial 4 (Week 4)/Adder16.vhd  ;         ;
; Adder4.vhd                       ; yes             ; User VHDL File  ; D:/Google Drive/UM/UM Sem 4/WIC2003 Digital Design and Hardware Description/Lab-Tutorial/Tutorial 4 (Week 4)/Adder4.vhd   ;         ;
; XOR16bit.vhd                     ; yes             ; User VHDL File  ; D:/Google Drive/UM/UM Sem 4/WIC2003 Digital Design and Hardware Description/Lab-Tutorial/Tutorial 4 (Week 4)/XOR16bit.vhd ;         ;
; XOR4bit.vhd                      ; yes             ; User VHDL File  ; D:/Google Drive/UM/UM Sem 4/WIC2003 Digital Design and Hardware Description/Lab-Tutorial/Tutorial 4 (Week 4)/XOR4bit.vhd  ;         ;
; oneXOR.vhd                       ; yes             ; User VHDL File  ; D:/Google Drive/UM/UM Sem 4/WIC2003 Digital Design and Hardware Description/Lab-Tutorial/Tutorial 4 (Week 4)/oneXOR.vhd   ;         ;
+----------------------------------+-----------------+-----------------+---------------------------------------------------------------------------------------------------------------------------+---------+


+----------------------------------------------------------+
; Analysis & Synthesis Resource Usage Summary              ;
+---------------------------------------------+------------+
; Resource                                    ; Usage      ;
+---------------------------------------------+------------+
; Estimated Total logic elements              ; 16         ;
;                                             ;            ;
; Total combinational functions               ; 16         ;
; Logic element usage by number of LUT inputs ;            ;
;     -- 4 input functions                    ; 0          ;
;     -- 3 input functions                    ; 0          ;
;     -- <=2 input functions                  ; 16         ;
;                                             ;            ;
; Logic elements by mode                      ;            ;
;     -- normal mode                          ; 16         ;
;     -- arithmetic mode                      ; 0          ;
;                                             ;            ;
; Total registers                             ; 0          ;
;     -- Dedicated logic registers            ; 0          ;
;     -- I/O registers                        ; 0          ;
;                                             ;            ;
; I/O pins                                    ; 50         ;
;                                             ;            ;
; Embedded Multiplier 9-bit elements          ; 0          ;
;                                             ;            ;
; Maximum fan-out node                        ; c_in~input ;
; Maximum fan-out                             ; 16         ;
; Total fan-out                               ; 98         ;
; Average fan-out                             ; 0.84       ;
+---------------------------------------------+------------+


+----------------------------------------------------------------------------------------------------------------------------------------------------------------------------------------------------------------------------------------------------------------------+
; Analysis & Synthesis Resource Utilization by Entity                                                                                                                                                                                                                  ;
+----------------------------------------+-------------------+--------------+-------------+--------------+---------+-----------+------+--------------+------------------------------------------------------------------------------------+-------------+--------------+
; Compilation Hierarchy Node             ; LC Combinationals ; LC Registers ; Memory Bits ; DSP Elements ; DSP 9x9 ; DSP 18x18 ; Pins ; Virtual Pins ; Full Hierarchy Name                                                                ; Entity Name ; Library Name ;
+----------------------------------------+-------------------+--------------+-------------+--------------+---------+-----------+------+--------------+------------------------------------------------------------------------------------+-------------+--------------+
; |AddSub8                               ; 16 (0)            ; 0 (0)        ; 0           ; 0            ; 0       ; 0         ; 50   ; 0            ; |AddSub8                                                                           ; AddSub8     ; work         ;
;    |Adder16:AddSub16|                  ; 16 (0)            ; 0 (0)        ; 0           ; 0            ; 0       ; 0         ; 0    ; 0            ; |AddSub8|Adder16:AddSub16                                                          ; Adder16     ; work         ;
;       |Adder4:\generate_i:0:Adder16_0| ; 3 (0)             ; 0 (0)        ; 0           ; 0            ; 0       ; 0         ; 0    ; 0            ; |AddSub8|Adder16:AddSub16|Adder4:\generate_i:0:Adder16_0                           ; Adder4      ; work         ;
;          |FA:\generate_i:1:Adder4_0|   ; 1 (1)             ; 0 (0)        ; 0           ; 0            ; 0       ; 0         ; 0    ; 0            ; |AddSub8|Adder16:AddSub16|Adder4:\generate_i:0:Adder16_0|FA:\generate_i:1:Adder4_0 ; FA          ; work         ;
;          |FA:\generate_i:2:Adder4_0|   ; 1 (1)             ; 0 (0)        ; 0           ; 0            ; 0       ; 0         ; 0    ; 0            ; |AddSub8|Adder16:AddSub16|Adder4:\generate_i:0:Adder16_0|FA:\generate_i:2:Adder4_0 ; FA          ; work         ;
;          |FA:\generate_i:3:Adder4_0|   ; 1 (1)             ; 0 (0)        ; 0           ; 0            ; 0       ; 0         ; 0    ; 0            ; |AddSub8|Adder16:AddSub16|Adder4:\generate_i:0:Adder16_0|FA:\generate_i:3:Adder4_0 ; FA          ; work         ;
;       |Adder4:\generate_i:1:Adder16_0| ; 4 (0)             ; 0 (0)        ; 0           ; 0            ; 0       ; 0         ; 0    ; 0            ; |AddSub8|Adder16:AddSub16|Adder4:\generate_i:1:Adder16_0                           ; Adder4      ; work         ;
;          |FA:\generate_i:0:Adder4_0|   ; 1 (1)             ; 0 (0)        ; 0           ; 0            ; 0       ; 0         ; 0    ; 0            ; |AddSub8|Adder16:AddSub16|Adder4:\generate_i:1:Adder16_0|FA:\generate_i:0:Adder4_0 ; FA          ; work         ;
;          |FA:\generate_i:1:Adder4_0|   ; 1 (1)             ; 0 (0)        ; 0           ; 0            ; 0       ; 0         ; 0    ; 0            ; |AddSub8|Adder16:AddSub16|Adder4:\generate_i:1:Adder16_0|FA:\generate_i:1:Adder4_0 ; FA          ; work         ;
;          |FA:\generate_i:2:Adder4_0|   ; 1 (1)             ; 0 (0)        ; 0           ; 0            ; 0       ; 0         ; 0    ; 0            ; |AddSub8|Adder16:AddSub16|Adder4:\generate_i:1:Adder16_0|FA:\generate_i:2:Adder4_0 ; FA          ; work         ;
;          |FA:\generate_i:3:Adder4_0|   ; 1 (1)             ; 0 (0)        ; 0           ; 0            ; 0       ; 0         ; 0    ; 0            ; |AddSub8|Adder16:AddSub16|Adder4:\generate_i:1:Adder16_0|FA:\generate_i:3:Adder4_0 ; FA          ; work         ;
;       |Adder4:\generate_i:2:Adder16_0| ; 4 (0)             ; 0 (0)        ; 0           ; 0            ; 0       ; 0         ; 0    ; 0            ; |AddSub8|Adder16:AddSub16|Adder4:\generate_i:2:Adder16_0                           ; Adder4      ; work         ;
;          |FA:\generate_i:0:Adder4_0|   ; 1 (1)             ; 0 (0)        ; 0           ; 0            ; 0       ; 0         ; 0    ; 0            ; |AddSub8|Adder16:AddSub16|Adder4:\generate_i:2:Adder16_0|FA:\generate_i:0:Adder4_0 ; FA          ; work         ;
;          |FA:\generate_i:1:Adder4_0|   ; 1 (1)             ; 0 (0)        ; 0           ; 0            ; 0       ; 0         ; 0    ; 0            ; |AddSub8|Adder16:AddSub16|Adder4:\generate_i:2:Adder16_0|FA:\generate_i:1:Adder4_0 ; FA          ; work         ;
;          |FA:\generate_i:2:Adder4_0|   ; 1 (1)             ; 0 (0)        ; 0           ; 0            ; 0       ; 0         ; 0    ; 0            ; |AddSub8|Adder16:AddSub16|Adder4:\generate_i:2:Adder16_0|FA:\generate_i:2:Adder4_0 ; FA          ; work         ;
;          |FA:\generate_i:3:Adder4_0|   ; 1 (1)             ; 0 (0)        ; 0           ; 0            ; 0       ; 0         ; 0    ; 0            ; |AddSub8|Adder16:AddSub16|Adder4:\generate_i:2:Adder16_0|FA:\generate_i:3:Adder4_0 ; FA          ; work         ;
;       |Adder4:\generate_i:3:Adder16_0| ; 5 (0)             ; 0 (0)        ; 0           ; 0            ; 0       ; 0         ; 0    ; 0            ; |AddSub8|Adder16:AddSub16|Adder4:\generate_i:3:Adder16_0                           ; Adder4      ; work         ;
;          |FA:\generate_i:0:Adder4_0|   ; 1 (1)             ; 0 (0)        ; 0           ; 0            ; 0       ; 0         ; 0    ; 0            ; |AddSub8|Adder16:AddSub16|Adder4:\generate_i:3:Adder16_0|FA:\generate_i:0:Adder4_0 ; FA          ; work         ;
;          |FA:\generate_i:1:Adder4_0|   ; 1 (1)             ; 0 (0)        ; 0           ; 0            ; 0       ; 0         ; 0    ; 0            ; |AddSub8|Adder16:AddSub16|Adder4:\generate_i:3:Adder16_0|FA:\generate_i:1:Adder4_0 ; FA          ; work         ;
;          |FA:\generate_i:2:Adder4_0|   ; 1 (1)             ; 0 (0)        ; 0           ; 0            ; 0       ; 0         ; 0    ; 0            ; |AddSub8|Adder16:AddSub16|Adder4:\generate_i:3:Adder16_0|FA:\generate_i:2:Adder4_0 ; FA          ; work         ;
;          |FA:\generate_i:3:Adder4_0|   ; 2 (2)             ; 0 (0)        ; 0           ; 0            ; 0       ; 0         ; 0    ; 0            ; |AddSub8|Adder16:AddSub16|Adder4:\generate_i:3:Adder16_0|FA:\generate_i:3:Adder4_0 ; FA          ; work         ;
+----------------------------------------+-------------------+--------------+-------------+--------------+---------+-----------+------+--------------+------------------------------------------------------------------------------------+-------------+--------------+
Note: For table entries with two numbers listed, the numbers in parentheses indicate the number of resources of the given type used by the specific entity alone. The numbers listed outside of parentheses indicate the total resources of the given type used by the specific entity and all of its sub-entities in the hierarchy.


+------------------------------------------------------+
; General Register Statistics                          ;
+----------------------------------------------+-------+
; Statistic                                    ; Value ;
+----------------------------------------------+-------+
; Total registers                              ; 0     ;
; Number of registers using Synchronous Clear  ; 0     ;
; Number of registers using Synchronous Load   ; 0     ;
; Number of registers using Asynchronous Clear ; 0     ;
; Number of registers using Asynchronous Load  ; 0     ;
; Number of registers using Clock Enable       ; 0     ;
; Number of registers using Preset             ; 0     ;
+----------------------------------------------+-------+


+-----------------------------------------------------+
; Post-Synthesis Netlist Statistics for Top Partition ;
+-----------------------+-----------------------------+
; Type                  ; Count                       ;
+-----------------------+-----------------------------+
; boundary_port         ; 50                          ;
; cycloneiii_lcell_comb ; 17                          ;
;     normal            ; 17                          ;
;         0 data inputs ; 1                           ;
;         2 data inputs ; 16                          ;
;                       ;                             ;
; Max LUT depth         ; 1.00                        ;
; Average LUT depth     ; 0.97                        ;
+-----------------------+-----------------------------+


+-------------------------------+
; Elapsed Time Per Partition    ;
+----------------+--------------+
; Partition Name ; Elapsed Time ;
+----------------+--------------+
; Top            ; 00:00:04     ;
+----------------+--------------+


+-------------------------------+
; Analysis & Synthesis Messages ;
+-------------------------------+
Info: *******************************************************************
Info: Running Quartus Prime Analysis & Synthesis
    Info: Version 16.0.0 Build 211 04/27/2016 SJ Lite Edition
    Info: Processing started: Sun Mar 19 14:13:39 2017
Info: Command: quartus_map --read_settings_files=on --write_settings_files=off AddSub8 -c AddSub8
Warning (20028): Parallel compilation is not licensed and has been disabled
Info (12021): Found 2 design units, including 1 entities, in source file fa.vhd
    Info (12022): Found design unit 1: FA-add File: D:/Google Drive/UM/UM Sem 4/WIC2003 Digital Design and Hardware Description/Lab-Tutorial/Tutorial 4 (Week 4)/FA.vhd Line: 12
    Info (12023): Found entity 1: FA File: D:/Google Drive/UM/UM Sem 4/WIC2003 Digital Design and Hardware Description/Lab-Tutorial/Tutorial 4 (Week 4)/FA.vhd Line: 4
Info (12021): Found 2 design units, including 1 entities, in source file addsub8.vhd
    Info (12022): Found design unit 1: AddSub8-addsub File: D:/Google Drive/UM/UM Sem 4/WIC2003 Digital Design and Hardware Description/Lab-Tutorial/Tutorial 4 (Week 4)/AddSub8.vhd Line: 17
    Info (12023): Found entity 1: AddSub8 File: D:/Google Drive/UM/UM Sem 4/WIC2003 Digital Design and Hardware Description/Lab-Tutorial/Tutorial 4 (Week 4)/AddSub8.vhd Line: 4
Info (12021): Found 2 design units, including 1 entities, in source file adder16.vhd
    Info (12022): Found design unit 1: Adder16-fulladd File: D:/Google Drive/UM/UM Sem 4/WIC2003 Digital Design and Hardware Description/Lab-Tutorial/Tutorial 4 (Week 4)/Adder16.vhd Line: 15
    Info (12023): Found entity 1: Adder16 File: D:/Google Drive/UM/UM Sem 4/WIC2003 Digital Design and Hardware Description/Lab-Tutorial/Tutorial 4 (Week 4)/Adder16.vhd Line: 4
Info (12021): Found 2 design units, including 1 entities, in source file adder4.vhd
    Info (12022): Found design unit 1: Adder4-fulladd File: D:/Google Drive/UM/UM Sem 4/WIC2003 Digital Design and Hardware Description/Lab-Tutorial/Tutorial 4 (Week 4)/Adder4.vhd Line: 15
    Info (12023): Found entity 1: Adder4 File: D:/Google Drive/UM/UM Sem 4/WIC2003 Digital Design and Hardware Description/Lab-Tutorial/Tutorial 4 (Week 4)/Adder4.vhd Line: 4
Info (12021): Found 2 design units, including 1 entities, in source file xor16bit.vhd
    Info (12022): Found design unit 1: XOR16bit-fullXOR File: D:/Google Drive/UM/UM Sem 4/WIC2003 Digital Design and Hardware Description/Lab-Tutorial/Tutorial 4 (Week 4)/XOR16bit.vhd Line: 12
    Info (12023): Found entity 1: XOR16bit File: D:/Google Drive/UM/UM Sem 4/WIC2003 Digital Design and Hardware Description/Lab-Tutorial/Tutorial 4 (Week 4)/XOR16bit.vhd Line: 4
Info (12021): Found 2 design units, including 1 entities, in source file xor4bit.vhd
    Info (12022): Found design unit 1: XOR4bit-fullXOR File: D:/Google Drive/UM/UM Sem 4/WIC2003 Digital Design and Hardware Description/Lab-Tutorial/Tutorial 4 (Week 4)/XOR4bit.vhd Line: 12
    Info (12023): Found entity 1: XOR4bit File: D:/Google Drive/UM/UM Sem 4/WIC2003 Digital Design and Hardware Description/Lab-Tutorial/Tutorial 4 (Week 4)/XOR4bit.vhd Line: 4
Info (12021): Found 2 design units, including 1 entities, in source file onexor.vhd
    Info (12022): Found design unit 1: oneXOR-func File: D:/Google Drive/UM/UM Sem 4/WIC2003 Digital Design and Hardware Description/Lab-Tutorial/Tutorial 4 (Week 4)/oneXOR.vhd Line: 12
    Info (12023): Found entity 1: oneXOR File: D:/Google Drive/UM/UM Sem 4/WIC2003 Digital Design and Hardware Description/Lab-Tutorial/Tutorial 4 (Week 4)/oneXOR.vhd Line: 4
Info (12127): Elaborating entity "AddSub8" for the top level hierarchy
Info (12128): Elaborating entity "XOR16bit" for hierarchy "XOR16bit:XOR16" File: D:/Google Drive/UM/UM Sem 4/WIC2003 Digital Design and Hardware Description/Lab-Tutorial/Tutorial 4 (Week 4)/AddSub8.vhd Line: 47
Info (12128): Elaborating entity "XOR4bit" for hierarchy "XOR16bit:XOR16|XOR4bit:\generate_i:3:XOR16_0" File: D:/Google Drive/UM/UM Sem 4/WIC2003 Digital Design and Hardware Description/Lab-Tutorial/Tutorial 4 (Week 4)/XOR16bit.vhd Line: 33
Info (12128): Elaborating entity "oneXOR" for hierarchy "XOR16bit:XOR16|XOR4bit:\generate_i:3:XOR16_0|oneXOR:\generate_i:3:XOR4_0" File: D:/Google Drive/UM/UM Sem 4/WIC2003 Digital Design and Hardware Description/Lab-Tutorial/Tutorial 4 (Week 4)/XOR4bit.vhd Line: 34
Info (12128): Elaborating entity "Adder16" for hierarchy "Adder16:AddSub16" File: D:/Google Drive/UM/UM Sem 4/WIC2003 Digital Design and Hardware Description/Lab-Tutorial/Tutorial 4 (Week 4)/AddSub8.vhd Line: 53
Info (12128): Elaborating entity "Adder4" for hierarchy "Adder16:AddSub16|Adder4:\generate_i:3:Adder16_0" File: D:/Google Drive/UM/UM Sem 4/WIC2003 Digital Design and Hardware Description/Lab-Tutorial/Tutorial 4 (Week 4)/Adder16.vhd Line: 38
Info (12128): Elaborating entity "FA" for hierarchy "Adder16:AddSub16|Adder4:\generate_i:3:Adder16_0|FA:\generate_i:3:Adder4_0" File: D:/Google Drive/UM/UM Sem 4/WIC2003 Digital Design and Hardware Description/Lab-Tutorial/Tutorial 4 (Week 4)/Adder4.vhd Line: 35
Warning (13024): Output pins are stuck at VCC or GND
    Warning (13410): Pin "sum[0]" is stuck at GND File: D:/Google Drive/UM/UM Sem 4/WIC2003 Digital Design and Hardware Description/Lab-Tutorial/Tutorial 4 (Week 4)/AddSub8.vhd Line: 10
Info (286030): Timing-Driven Synthesis is running
Info (16010): Generating hard_block partition "hard_block:auto_generated_inst"
    Info (16011): Adding 0 node(s), including 0 DDIO, 0 PLL, 0 transceiver and 0 LCELL
Warning (21074): Design contains 16 input pin(s) that do not drive logic
    Warning (15610): No output dependent on input pin "b[0]" File: D:/Google Drive/UM/UM Sem 4/WIC2003 Digital Design and Hardware Description/Lab-Tutorial/Tutorial 4 (Week 4)/AddSub8.vhd Line: 8
    Warning (15610): No output dependent on input pin "b[1]" File: D:/Google Drive/UM/UM Sem 4/WIC2003 Digital Design and Hardware Description/Lab-Tutorial/Tutorial 4 (Week 4)/AddSub8.vhd Line: 8
    Warning (15610): No output dependent on input pin "b[2]" File: D:/Google Drive/UM/UM Sem 4/WIC2003 Digital Design and Hardware Description/Lab-Tutorial/Tutorial 4 (Week 4)/AddSub8.vhd Line: 8
    Warning (15610): No output dependent on input pin "b[3]" File: D:/Google Drive/UM/UM Sem 4/WIC2003 Digital Design and Hardware Description/Lab-Tutorial/Tutorial 4 (Week 4)/AddSub8.vhd Line: 8
    Warning (15610): No output dependent on input pin "b[4]" File: D:/Google Drive/UM/UM Sem 4/WIC2003 Digital Design and Hardware Description/Lab-Tutorial/Tutorial 4 (Week 4)/AddSub8.vhd Line: 8
    Warning (15610): No output dependent on input pin "b[5]" File: D:/Google Drive/UM/UM Sem 4/WIC2003 Digital Design and Hardware Description/Lab-Tutorial/Tutorial 4 (Week 4)/AddSub8.vhd Line: 8
    Warning (15610): No output dependent on input pin "b[6]" File: D:/Google Drive/UM/UM Sem 4/WIC2003 Digital Design and Hardware Description/Lab-Tutorial/Tutorial 4 (Week 4)/AddSub8.vhd Line: 8
    Warning (15610): No output dependent on input pin "b[7]" File: D:/Google Drive/UM/UM Sem 4/WIC2003 Digital Design and Hardware Description/Lab-Tutorial/Tutorial 4 (Week 4)/AddSub8.vhd Line: 8
    Warning (15610): No output dependent on input pin "b[8]" File: D:/Google Drive/UM/UM Sem 4/WIC2003 Digital Design and Hardware Description/Lab-Tutorial/Tutorial 4 (Week 4)/AddSub8.vhd Line: 8
    Warning (15610): No output dependent on input pin "b[9]" File: D:/Google Drive/UM/UM Sem 4/WIC2003 Digital Design and Hardware Description/Lab-Tutorial/Tutorial 4 (Week 4)/AddSub8.vhd Line: 8
    Warning (15610): No output dependent on input pin "b[10]" File: D:/Google Drive/UM/UM Sem 4/WIC2003 Digital Design and Hardware Description/Lab-Tutorial/Tutorial 4 (Week 4)/AddSub8.vhd Line: 8
    Warning (15610): No output dependent on input pin "b[11]" File: D:/Google Drive/UM/UM Sem 4/WIC2003 Digital Design and Hardware Description/Lab-Tutorial/Tutorial 4 (Week 4)/AddSub8.vhd Line: 8
    Warning (15610): No output dependent on input pin "b[12]" File: D:/Google Drive/UM/UM Sem 4/WIC2003 Digital Design and Hardware Description/Lab-Tutorial/Tutorial 4 (Week 4)/AddSub8.vhd Line: 8
    Warning (15610): No output dependent on input pin "b[13]" File: D:/Google Drive/UM/UM Sem 4/WIC2003 Digital Design and Hardware Description/Lab-Tutorial/Tutorial 4 (Week 4)/AddSub8.vhd Line: 8
    Warning (15610): No output dependent on input pin "b[14]" File: D:/Google Drive/UM/UM Sem 4/WIC2003 Digital Design and Hardware Description/Lab-Tutorial/Tutorial 4 (Week 4)/AddSub8.vhd Line: 8
    Warning (15610): No output dependent on input pin "b[15]" File: D:/Google Drive/UM/UM Sem 4/WIC2003 Digital Design and Hardware Description/Lab-Tutorial/Tutorial 4 (Week 4)/AddSub8.vhd Line: 8
Info (21057): Implemented 66 device resources after synthesis - the final resource count might be different
    Info (21058): Implemented 33 input pins
    Info (21059): Implemented 17 output pins
    Info (21061): Implemented 16 logic cells
Info: Quartus Prime Analysis & Synthesis was successful. 0 errors, 20 warnings
    Info: Peak virtual memory: 873 megabytes
    Info: Processing ended: Sun Mar 19 14:14:22 2017
    Info: Elapsed time: 00:00:43
    Info: Total CPU time (on all processors): 00:00:50


